[2016-11-30 22:37:30,382] [INFO]: ==========================================================================
[2016-11-30 22:37:30,392] [INFO]: WELCOME TO ADDON BUILDER
[2016-11-30 22:37:30,393] [INFO]: Version: 1.5.13825
[2016-11-30 22:37:30,395] [INFO]: ==========================================================================
[2016-11-30 22:37:30,545] [INFO]: Builder starting...
[2016-11-30 22:37:30,547] [INFO]: Syncing folders... [source]=D:\Windows 10 Benutzer\agphe\Documents\GitHub\LiveInLife\LiveInLifeServer\lils_bank, [sync]=C:\Users\agphe\AppData\Local\Temp\lils_bank
[2016-11-30 22:37:30,547] [INFO]: Syncing file "functions\fn_get.sqf"
[2016-11-30 22:37:30,548] [INFO]: File sync done
[2016-11-30 22:37:30,548] [INFO]: Syncing file "functions\fn_init.sqf"
[2016-11-30 22:37:30,549] [INFO]: File sync done
[2016-11-30 22:37:30,549] [INFO]: Syncing file "functions\fn_set.sqf"
[2016-11-30 22:37:30,549] [INFO]: File sync done
[2016-11-30 22:37:30,550] [INFO]: Done.
[2016-11-30 22:37:30,550] [INFO]: Converting configs ...
[2016-11-30 22:37:30,552] [INFO]: Converting cfg "D:\Windows 10 Benutzer\agphe\Documents\GitHub\LiveInLife\LiveInLifeServer\lils_bank\config.cpp"
2016-11-30 22:37:30,574 [INFO] 6: AddonBuilder.Tasks.ProcessBuildTask.ProcessOnOutputDataReceived - 
2016-11-30 22:37:30,575 [WARN] 5: AddonBuilder.Tasks.ProcessBuildTask.process_ErrorDataReceived - 
[2016-11-30 22:37:30,608] [INFO]: Converting cfg "C:\Users\agphe\AppData\Local\Temp\lils_bank\config.txt"
2016-11-30 22:37:30,635 [INFO] 6: AddonBuilder.Tasks.ProcessBuildTask.ProcessOnOutputDataReceived - 
2016-11-30 22:37:30,635 [WARN] 7: AddonBuilder.Tasks.ProcessBuildTask.process_ErrorDataReceived - 
[2016-11-30 22:37:30,636] [INFO]: Converting done.
[2016-11-30 22:37:30,636] [INFO]: Done.
[2016-11-30 22:37:30,637] [INFO]: Binarizing ...
2016-11-30 22:37:31,747 [INFO] 6: AddonBuilder.Tasks.ProcessBuildTask.ProcessOnOutputDataReceived - This build is licensed to 'Bohemia Interactive a.s.' for use within the scope of the following projects/products: 'All'.
2016-11-30 22:37:31,751 [WARN] 8: AddonBuilder.Tasks.ProcessBuildTask.process_ErrorDataReceived - 
2016-11-30 22:37:31,751 [INFO] 6: AddonBuilder.Tasks.ProcessBuildTask.ProcessOnOutputDataReceived - 
[2016-11-30 22:37:31,753] [INFO]: Done.
[2016-11-30 22:37:31,754] [INFO]: Deleting empty folders in "C:\Users\agphe\AppData\Local\Temp\lils_bank"
[2016-11-30 22:37:31,755] [INFO]: Done.
[2016-11-30 22:37:31,756] [INFO]: Binarizing texture headers
2016-11-30 22:37:31,848 [INFO] 8: AddonBuilder.Tasks.ProcessBuildTask.ProcessOnOutputDataReceived - Creating texture headers file...
2016-11-30 22:37:31,848 [INFO] 8: AddonBuilder.Tasks.ProcessBuildTask.ProcessOnOutputDataReceived - Texture headers file was not created - no textures found.
2016-11-30 22:37:31,852 [INFO] 8: AddonBuilder.Tasks.ProcessBuildTask.ProcessOnOutputDataReceived - 
2016-11-30 22:37:31,852 [WARN] 5: AddonBuilder.Tasks.ProcessBuildTask.process_ErrorDataReceived - 
[2016-11-30 22:37:31,854] [INFO]: Done.
[2016-11-30 22:37:31,855] [INFO]: Packing "C:\Users\agphe\AppData\Local\Temp\lils_bank"...
2016-11-30 22:37:31,917 [WARN] 6: AddonBuilder.Tasks.ProcessBuildTask.process_ErrorDataReceived - 
2016-11-30 22:37:31,917 [INFO] 7: AddonBuilder.Tasks.ProcessBuildTask.ProcessOnOutputDataReceived - 
[2016-11-30 22:37:31,917] [INFO]: Done.
[2016-11-30 22:37:31,918] [INFO]: Singning PBO using "C:\Users\agphe\AppData\Local\Temp\lils_bank.pbo"
2016-11-30 22:37:31,979 [INFO] 6: AddonBuilder.Tasks.ProcessBuildTask.ProcessOnOutputDataReceived - 
2016-11-30 22:37:31,979 [WARN] 5: AddonBuilder.Tasks.ProcessBuildTask.process_ErrorDataReceived - 
[2016-11-30 22:37:31,980] [INFO]: Done.
[2016-11-30 22:37:31,981] [INFO]: Copying PBO. [source]=C:\Users\agphe\AppData\Local\Temp\lils_bank.pbo, [dest]=D:\Windows 10 Benutzer\agphe\Documents\GitHub\LiveInLife\@LiveInLifeServer\addons\lils_bank.pbo
[2016-11-30 22:37:31,982] [INFO]: Done.
[2016-11-30 22:37:31,982] [INFO]: Copying addon public key. [source]=C:\Users\agphe\AppData\Local\Temp\lils_bank.pbo.lilc0.6.5.bisign, [dest]=D:\Windows 10 Benutzer\agphe\Documents\GitHub\LiveInLife\@LiveInLifeServer\addons\lils_bank.pbo.lilc0.6.5.bisign
[2016-11-30 22:37:31,983] [INFO]: Done.
[2016-11-30 22:37:31,983] [INFO]: Build Successful
Setting breakpad minidump AppID = 233800
Steam_SetMinidumpSteamID:  Caching Steam ID:  76561198040411592 [API loaded no]
[2016-11-30 22:37:32,116] [INFO]: ==========================================================================
[2016-11-30 22:37:32,126] [INFO]: WELCOME TO ADDON BUILDER
[2016-11-30 22:37:32,127] [INFO]: Version: 1.5.13825
[2016-11-30 22:37:32,128] [INFO]: ==========================================================================
[2016-11-30 22:37:32,281] [INFO]: Builder starting...
[2016-11-30 22:37:32,283] [INFO]: Syncing folders... [source]=D:\Windows 10 Benutzer\agphe\Documents\GitHub\LiveInLife\LiveInLifeServer\lils_cleanup, [sync]=C:\Users\agphe\AppData\Local\Temp\lils_cleanup
[2016-11-30 22:37:32,283] [INFO]: Syncing file "functions\fn_deathBodies.sqf"
[2016-11-30 22:37:32,284] [INFO]: File sync done
[2016-11-30 22:37:32,284] [INFO]: Syncing file "functions\fn_init.sqf"
[2016-11-30 22:37:32,284] [INFO]: File sync done
[2016-11-30 22:37:32,285] [INFO]: Done.
[2016-11-30 22:37:32,285] [INFO]: Converting configs ...
[2016-11-30 22:37:32,287] [INFO]: Converting cfg "D:\Windows 10 Benutzer\agphe\Documents\GitHub\LiveInLife\LiveInLifeServer\lils_cleanup\config.cpp"
2016-11-30 22:37:32,310 [INFO] 7: AddonBuilder.Tasks.ProcessBuildTask.ProcessOnOutputDataReceived - 
2016-11-30 22:37:32,310 [WARN] 5: AddonBuilder.Tasks.ProcessBuildTask.process_ErrorDataReceived - 
[2016-11-30 22:37:32,341] [INFO]: Converting cfg "C:\Users\agphe\AppData\Local\Temp\lils_cleanup\config.txt"
2016-11-30 22:37:32,373 [INFO] 7: AddonBuilder.Tasks.ProcessBuildTask.ProcessOnOutputDataReceived - 
2016-11-30 22:37:32,373 [WARN] 6: AddonBuilder.Tasks.ProcessBuildTask.process_ErrorDataReceived - 
[2016-11-30 22:37:32,374] [INFO]: Converting done.
[2016-11-30 22:37:32,374] [INFO]: Done.
[2016-11-30 22:37:32,375] [INFO]: Binarizing ...
2016-11-30 22:37:33,505 [INFO] 8: AddonBuilder.Tasks.ProcessBuildTask.ProcessOnOutputDataReceived - This build is licensed to 'Bohemia Interactive a.s.' for use within the scope of the following projects/products: 'All'.
2016-11-30 22:37:33,510 [INFO] 8: AddonBuilder.Tasks.ProcessBuildTask.ProcessOnOutputDataReceived - 
2016-11-30 22:37:33,510 [WARN] 5: AddonBuilder.Tasks.ProcessBuildTask.process_ErrorDataReceived - 
[2016-11-30 22:37:33,513] [INFO]: Done.
[2016-11-30 22:37:33,514] [INFO]: Deleting empty folders in "C:\Users\agphe\AppData\Local\Temp\lils_cleanup"
[2016-11-30 22:37:33,515] [INFO]: Done.
[2016-11-30 22:37:33,515] [INFO]: Binarizing texture headers
2016-11-30 22:37:33,620 [INFO] 6: AddonBuilder.Tasks.ProcessBuildTask.ProcessOnOutputDataReceived - Creating texture headers file...
2016-11-30 22:37:33,620 [INFO] 6: AddonBuilder.Tasks.ProcessBuildTask.ProcessOnOutputDataReceived - Texture headers file was not created - no textures found.
2016-11-30 22:37:33,625 [WARN] 7: AddonBuilder.Tasks.ProcessBuildTask.process_ErrorDataReceived - 
2016-11-30 22:37:33,625 [INFO] 6: AddonBuilder.Tasks.ProcessBuildTask.ProcessOnOutputDataReceived - 
[2016-11-30 22:37:33,627] [INFO]: Done.
[2016-11-30 22:37:33,627] [INFO]: Packing "C:\Users\agphe\AppData\Local\Temp\lils_cleanup"...
2016-11-30 22:37:33,680 [INFO] 8: AddonBuilder.Tasks.ProcessBuildTask.ProcessOnOutputDataReceived - 
2016-11-30 22:37:33,680 [WARN] 5: AddonBuilder.Tasks.ProcessBuildTask.process_ErrorDataReceived - 
[2016-11-30 22:37:33,681] [INFO]: Done.
[2016-11-30 22:37:33,681] [INFO]: Singning PBO using "C:\Users\agphe\AppData\Local\Temp\lils_cleanup.pbo"
2016-11-30 22:37:33,756 [WARN] 11: AddonBuilder.Tasks.ProcessBuildTask.process_ErrorDataReceived - 
2016-11-30 22:37:33,756 [INFO] 10: AddonBuilder.Tasks.ProcessBuildTask.ProcessOnOutputDataReceived - 
[2016-11-30 22:37:33,757] [INFO]: Done.
[2016-11-30 22:37:33,757] [INFO]: Copying PBO. [source]=C:\Users\agphe\AppData\Local\Temp\lils_cleanup.pbo, [dest]=D:\Windows 10 Benutzer\agphe\Documents\GitHub\LiveInLife\@LiveInLifeServer\addons\lils_cleanup.pbo
[2016-11-30 22:37:33,759] [INFO]: Done.
[2016-11-30 22:37:33,759] [INFO]: Copying addon public key. [source]=C:\Users\agphe\AppData\Local\Temp\lils_cleanup.pbo.lilc0.6.5.bisign, [dest]=D:\Windows 10 Benutzer\agphe\Documents\GitHub\LiveInLife\@LiveInLifeServer\addons\lils_cleanup.pbo.lilc0.6.5.bisign
[2016-11-30 22:37:33,760] [INFO]: Done.
[2016-11-30 22:37:33,760] [INFO]: Build Successful
Setting breakpad minidump AppID = 233800
Steam_SetMinidumpSteamID:  Caching Steam ID:  76561198040411592 [API loaded no]
[2016-11-30 22:37:33,890] [INFO]: ==========================================================================
[2016-11-30 22:37:33,900] [INFO]: WELCOME TO ADDON BUILDER
[2016-11-30 22:37:33,902] [INFO]: Version: 1.5.13825
[2016-11-30 22:37:33,903] [INFO]: ==========================================================================
[2016-11-30 22:37:34,058] [INFO]: Builder starting...
[2016-11-30 22:37:34,060] [INFO]: Syncing folders... [source]=D:\Windows 10 Benutzer\agphe\Documents\GitHub\LiveInLife\LiveInLifeServer\lils_common, [sync]=C:\Users\agphe\AppData\Local\Temp\lils_common
[2016-11-30 22:37:34,060] [INFO]: Syncing file "functions\fn_arrayDecode.sqf"
[2016-11-30 22:37:34,061] [INFO]: File sync done
[2016-11-30 22:37:34,061] [INFO]: Syncing file "functions\fn_arrayEncode.sqf"
[2016-11-30 22:37:34,062] [INFO]: File sync done
[2016-11-30 22:37:34,062] [INFO]: Syncing file "functions\fn_getAvailableClassnames.sqf"
[2016-11-30 22:37:34,062] [INFO]: File sync done
[2016-11-30 22:37:34,062] [INFO]: Syncing file "functions\fn_getAvailableStaticPositions.sqf"
[2016-11-30 22:37:34,062] [INFO]: File sync done
[2016-11-30 22:37:34,062] [INFO]: Syncing file "functions\fn_initMission.sqf"
[2016-11-30 22:37:34,063] [INFO]: File sync done
[2016-11-30 22:37:34,063] [INFO]: Done.
[2016-11-30 22:37:34,064] [INFO]: Converting configs ...
[2016-11-30 22:37:34,066] [INFO]: Converting cfg "D:\Windows 10 Benutzer\agphe\Documents\GitHub\LiveInLife\LiveInLifeServer\lils_common\config.cpp"
2016-11-30 22:37:34,090 [INFO] 6: AddonBuilder.Tasks.ProcessBuildTask.ProcessOnOutputDataReceived - 
2016-11-30 22:37:34,090 [WARN] 5: AddonBuilder.Tasks.ProcessBuildTask.process_ErrorDataReceived - 
[2016-11-30 22:37:34,122] [INFO]: Converting cfg "C:\Users\agphe\AppData\Local\Temp\lils_common\config.txt"
2016-11-30 22:37:34,165 [INFO] 6: AddonBuilder.Tasks.ProcessBuildTask.ProcessOnOutputDataReceived - 
2016-11-30 22:37:34,165 [WARN] 7: AddonBuilder.Tasks.ProcessBuildTask.process_ErrorDataReceived - 
[2016-11-30 22:37:34,171] [INFO]: Converting done.
[2016-11-30 22:37:34,171] [INFO]: Done.
[2016-11-30 22:37:34,172] [INFO]: Binarizing ...
2016-11-30 22:37:35,549 [INFO] 8: AddonBuilder.Tasks.ProcessBuildTask.ProcessOnOutputDataReceived - This build is licensed to 'Bohemia Interactive a.s.' for use within the scope of the following projects/products: 'All'.
2016-11-30 22:37:35,554 [WARN] 5: AddonBuilder.Tasks.ProcessBuildTask.process_ErrorDataReceived - 
2016-11-30 22:37:35,554 [INFO] 8: AddonBuilder.Tasks.ProcessBuildTask.ProcessOnOutputDataReceived - 
[2016-11-30 22:37:35,556] [INFO]: Done.
[2016-11-30 22:37:35,557] [INFO]: Deleting empty folders in "C:\Users\agphe\AppData\Local\Temp\lils_common"
[2016-11-30 22:37:35,558] [INFO]: Done.
[2016-11-30 22:37:35,558] [INFO]: Binarizing texture headers
2016-11-30 22:37:35,638 [INFO] 10: AddonBuilder.Tasks.ProcessBuildTask.ProcessOnOutputDataReceived - Creating texture headers file...
2016-11-30 22:37:35,639 [INFO] 10: AddonBuilder.Tasks.ProcessBuildTask.ProcessOnOutputDataReceived - Texture headers file was not created - no textures found.
2016-11-30 22:37:35,643 [INFO] 10: AddonBuilder.Tasks.ProcessBuildTask.ProcessOnOutputDataReceived - 
2016-11-30 22:37:35,643 [WARN] 6: AddonBuilder.Tasks.ProcessBuildTask.process_ErrorDataReceived - 
[2016-11-30 22:37:35,646] [INFO]: Done.
[2016-11-30 22:37:35,646] [INFO]: Packing "C:\Users\agphe\AppData\Local\Temp\lils_common"...
2016-11-30 22:37:35,724 [INFO] 7: AddonBuilder.Tasks.ProcessBuildTask.ProcessOnOutputDataReceived - 
2016-11-30 22:37:35,724 [WARN] 5: AddonBuilder.Tasks.ProcessBuildTask.process_ErrorDataReceived - 
[2016-11-30 22:37:35,725] [INFO]: Done.
[2016-11-30 22:37:35,725] [INFO]: Singning PBO using "C:\Users\agphe\AppData\Local\Temp\lils_common.pbo"
2016-11-30 22:37:35,774 [WARN] 8: AddonBuilder.Tasks.ProcessBuildTask.process_ErrorDataReceived - 
2016-11-30 22:37:35,774 [INFO] 7: AddonBuilder.Tasks.ProcessBuildTask.ProcessOnOutputDataReceived - 
[2016-11-30 22:37:35,775] [INFO]: Done.
[2016-11-30 22:37:35,776] [INFO]: Copying PBO. [source]=C:\Users\agphe\AppData\Local\Temp\lils_common.pbo, [dest]=D:\Windows 10 Benutzer\agphe\Documents\GitHub\LiveInLife\@LiveInLifeServer\addons\lils_common.pbo
[2016-11-30 22:37:35,777] [INFO]: Done.
[2016-11-30 22:37:35,778] [INFO]: Copying addon public key. [source]=C:\Users\agphe\AppData\Local\Temp\lils_common.pbo.lilc0.6.5.bisign, [dest]=D:\Windows 10 Benutzer\agphe\Documents\GitHub\LiveInLife\@LiveInLifeServer\addons\lils_common.pbo.lilc0.6.5.bisign
[2016-11-30 22:37:35,778] [INFO]: Done.
[2016-11-30 22:37:35,779] [INFO]: Build Successful
Setting breakpad minidump AppID = 233800
Steam_SetMinidumpSteamID:  Caching Steam ID:  76561198040411592 [API loaded no]
[2016-11-30 22:37:35,900] [INFO]: ==========================================================================
[2016-11-30 22:37:35,911] [INFO]: WELCOME TO ADDON BUILDER
[2016-11-30 22:37:35,912] [INFO]: Version: 1.5.13825
[2016-11-30 22:37:35,913] [INFO]: ==========================================================================
[2016-11-30 22:37:36,068] [INFO]: Builder starting...
[2016-11-30 22:37:36,069] [INFO]: Syncing folders... [source]=D:\Windows 10 Benutzer\agphe\Documents\GitHub\LiveInLife\LiveInLifeServer\lils_database, [sync]=C:\Users\agphe\AppData\Local\Temp\lils_database
[2016-11-30 22:37:36,070] [INFO]: Syncing file "functions\fn_async.sqf"
[2016-11-30 22:37:36,071] [INFO]: File sync done
[2016-11-30 22:37:36,071] [INFO]: Syncing file "functions\fn_fetchObjects.sqf"
[2016-11-30 22:37:36,072] [INFO]: File sync done
[2016-11-30 22:37:36,072] [INFO]: Syncing file "functions\fn_init.sqf"
[2016-11-30 22:37:36,072] [INFO]: File sync done
[2016-11-30 22:37:36,072] [INFO]: Syncing file "functions\fn_lock.sqf"
[2016-11-30 22:37:36,073] [INFO]: File sync done
[2016-11-30 22:37:36,073] [INFO]: Syncing file "functions\fn_query.sqf"
[2016-11-30 22:37:36,073] [INFO]: File sync done
[2016-11-30 22:37:36,073] [INFO]: Done.
[2016-11-30 22:37:36,074] [INFO]: Converting configs ...
[2016-11-30 22:37:36,076] [INFO]: Converting cfg "D:\Windows 10 Benutzer\agphe\Documents\GitHub\LiveInLife\LiveInLifeServer\lils_database\config.cpp"
2016-11-30 22:37:36,098 [INFO] 6: AddonBuilder.Tasks.ProcessBuildTask.ProcessOnOutputDataReceived - 
2016-11-30 22:37:36,098 [WARN] 5: AddonBuilder.Tasks.ProcessBuildTask.process_ErrorDataReceived - 
[2016-11-30 22:37:36,130] [INFO]: Converting cfg "C:\Users\agphe\AppData\Local\Temp\lils_database\config.txt"
2016-11-30 22:37:36,167 [INFO] 6: AddonBuilder.Tasks.ProcessBuildTask.ProcessOnOutputDataReceived - 
2016-11-30 22:37:36,167 [WARN] 7: AddonBuilder.Tasks.ProcessBuildTask.process_ErrorDataReceived - 
[2016-11-30 22:37:36,168] [INFO]: Converting done.
[2016-11-30 22:37:36,168] [INFO]: Done.
[2016-11-30 22:37:36,169] [INFO]: Binarizing ...
2016-11-30 22:37:37,314 [INFO] 5: AddonBuilder.Tasks.ProcessBuildTask.ProcessOnOutputDataReceived - This build is licensed to 'Bohemia Interactive a.s.' for use within the scope of the following projects/products: 'All'.
2016-11-30 22:37:37,319 [INFO] 5: AddonBuilder.Tasks.ProcessBuildTask.ProcessOnOutputDataReceived - 
2016-11-30 22:37:37,319 [WARN] 8: AddonBuilder.Tasks.ProcessBuildTask.process_ErrorDataReceived - 
[2016-11-30 22:37:37,326] [INFO]: Done.
[2016-11-30 22:37:37,326] [INFO]: Deleting empty folders in "C:\Users\agphe\AppData\Local\Temp\lils_database"
[2016-11-30 22:37:37,328] [INFO]: Done.
[2016-11-30 22:37:37,328] [INFO]: Binarizing texture headers
2016-11-30 22:37:37,410 [INFO] 5: AddonBuilder.Tasks.ProcessBuildTask.ProcessOnOutputDataReceived - Creating texture headers file...
2016-11-30 22:37:37,410 [INFO] 5: AddonBuilder.Tasks.ProcessBuildTask.ProcessOnOutputDataReceived - Texture headers file was not created - no textures found.
2016-11-30 22:37:37,415 [WARN] 7: AddonBuilder.Tasks.ProcessBuildTask.process_ErrorDataReceived - 
2016-11-30 22:37:37,415 [INFO] 5: AddonBuilder.Tasks.ProcessBuildTask.ProcessOnOutputDataReceived - 
[2016-11-30 22:37:37,416] [INFO]: Done.
[2016-11-30 22:37:37,417] [INFO]: Packing "C:\Users\agphe\AppData\Local\Temp\lils_database"...
2016-11-30 22:37:37,466 [WARN] 10: AddonBuilder.Tasks.ProcessBuildTask.process_ErrorDataReceived - 
2016-11-30 22:37:37,466 [INFO] 8: AddonBuilder.Tasks.ProcessBuildTask.ProcessOnOutputDataReceived - 
[2016-11-30 22:37:37,467] [INFO]: Done.
[2016-11-30 22:37:37,467] [INFO]: Singning PBO using "C:\Users\agphe\AppData\Local\Temp\lils_database.pbo"
2016-11-30 22:37:37,523 [WARN] 11: AddonBuilder.Tasks.ProcessBuildTask.process_ErrorDataReceived - 
2016-11-30 22:37:37,523 [INFO] 10: AddonBuilder.Tasks.ProcessBuildTask.ProcessOnOutputDataReceived - 
[2016-11-30 22:37:37,524] [INFO]: Done.
[2016-11-30 22:37:37,524] [INFO]: Copying PBO. [source]=C:\Users\agphe\AppData\Local\Temp\lils_database.pbo, [dest]=D:\Windows 10 Benutzer\agphe\Documents\GitHub\LiveInLife\@LiveInLifeServer\addons\lils_database.pbo
[2016-11-30 22:37:37,525] [INFO]: Done.
[2016-11-30 22:37:37,526] [INFO]: Copying addon public key. [source]=C:\Users\agphe\AppData\Local\Temp\lils_database.pbo.lilc0.6.5.bisign, [dest]=D:\Windows 10 Benutzer\agphe\Documents\GitHub\LiveInLife\@LiveInLifeServer\addons\lils_database.pbo.lilc0.6.5.bisign
[2016-11-30 22:37:37,526] [INFO]: Done.
[2016-11-30 22:37:37,527] [INFO]: Build Successful
Setting breakpad minidump AppID = 233800
Steam_SetMinidumpSteamID:  Caching Steam ID:  76561198040411592 [API loaded no]
[2016-11-30 22:37:37,648] [INFO]: ==========================================================================
[2016-11-30 22:37:37,658] [INFO]: WELCOME TO ADDON BUILDER
[2016-11-30 22:37:37,659] [INFO]: Version: 1.5.13825
[2016-11-30 22:37:37,660] [INFO]: ==========================================================================
[2016-11-30 22:37:37,814] [INFO]: Builder starting...
[2016-11-30 22:37:37,815] [INFO]: Syncing folders... [source]=D:\Windows 10 Benutzer\agphe\Documents\GitHub\LiveInLife\LiveInLifeServer\lils_economy, [sync]=C:\Users\agphe\AppData\Local\Temp\lils_economy
[2016-11-30 22:37:37,816] [INFO]: Syncing file "functions\fn_getDealerData.sqf"
[2016-11-30 22:37:37,817] [INFO]: File sync done
[2016-11-30 22:37:37,817] [INFO]: Syncing file "functions\fn_init.sqf"
[2016-11-30 22:37:37,818] [INFO]: File sync done
[2016-11-30 22:37:37,818] [INFO]: Syncing file "functions\fn_loadEconomyData.sqf"
[2016-11-30 22:37:37,818] [INFO]: File sync done
[2016-11-30 22:37:37,818] [INFO]: Syncing file "functions\fn_processBuy.sqf"
[2016-11-30 22:37:37,818] [INFO]: File sync done
[2016-11-30 22:37:37,818] [INFO]: Syncing file "functions\fn_processData.sqf"
[2016-11-30 22:37:37,819] [INFO]: File sync done
[2016-11-30 22:37:37,819] [INFO]: Syncing file "functions\fn_processSell.sqf"
[2016-11-30 22:37:37,819] [INFO]: File sync done
[2016-11-30 22:37:37,819] [INFO]: Syncing file "functions\fn_sendData.sqf"
[2016-11-30 22:37:37,820] [INFO]: File sync done
[2016-11-30 22:37:37,820] [INFO]: Done.
[2016-11-30 22:37:37,821] [INFO]: Converting configs ...
[2016-11-30 22:37:37,823] [INFO]: Converting cfg "D:\Windows 10 Benutzer\agphe\Documents\GitHub\LiveInLife\LiveInLifeServer\lils_economy\config.cpp"
2016-11-30 22:37:37,845 [INFO] 6: AddonBuilder.Tasks.ProcessBuildTask.ProcessOnOutputDataReceived - 
2016-11-30 22:37:37,845 [WARN] 5: AddonBuilder.Tasks.ProcessBuildTask.process_ErrorDataReceived - 
[2016-11-30 22:37:37,877] [INFO]: Converting cfg "C:\Users\agphe\AppData\Local\Temp\lils_economy\config.txt"
2016-11-30 22:37:37,898 [INFO] 6: AddonBuilder.Tasks.ProcessBuildTask.ProcessOnOutputDataReceived - 
2016-11-30 22:37:37,898 [WARN] 7: AddonBuilder.Tasks.ProcessBuildTask.process_ErrorDataReceived - 
[2016-11-30 22:37:37,899] [INFO]: Converting done.
[2016-11-30 22:37:37,899] [INFO]: Done.
[2016-11-30 22:37:37,900] [INFO]: Binarizing ...
2016-11-30 22:37:39,095 [INFO] 8: AddonBuilder.Tasks.ProcessBuildTask.ProcessOnOutputDataReceived - This build is licensed to 'Bohemia Interactive a.s.' for use within the scope of the following projects/products: 'All'.
2016-11-30 22:37:39,100 [INFO] 8: AddonBuilder.Tasks.ProcessBuildTask.ProcessOnOutputDataReceived - 
2016-11-30 22:37:39,100 [WARN] 5: AddonBuilder.Tasks.ProcessBuildTask.process_ErrorDataReceived - 
[2016-11-30 22:37:39,102] [INFO]: Done.
[2016-11-30 22:37:39,103] [INFO]: Deleting empty folders in "C:\Users\agphe\AppData\Local\Temp\lils_economy"
[2016-11-30 22:37:39,104] [INFO]: Done.
[2016-11-30 22:37:39,104] [INFO]: Binarizing texture headers
2016-11-30 22:37:39,193 [INFO] 10: AddonBuilder.Tasks.ProcessBuildTask.ProcessOnOutputDataReceived - Creating texture headers file...
2016-11-30 22:37:39,193 [INFO] 10: AddonBuilder.Tasks.ProcessBuildTask.ProcessOnOutputDataReceived - Texture headers file was not created - no textures found.
2016-11-30 22:37:39,198 [INFO] 10: AddonBuilder.Tasks.ProcessBuildTask.ProcessOnOutputDataReceived - 
2016-11-30 22:37:39,198 [WARN] 6: AddonBuilder.Tasks.ProcessBuildTask.process_ErrorDataReceived - 
[2016-11-30 22:37:39,200] [INFO]: Done.
[2016-11-30 22:37:39,200] [INFO]: Packing "C:\Users\agphe\AppData\Local\Temp\lils_economy"...
2016-11-30 22:37:39,249 [INFO] 11: AddonBuilder.Tasks.ProcessBuildTask.ProcessOnOutputDataReceived - 
2016-11-30 22:37:39,249 [WARN] 7: AddonBuilder.Tasks.ProcessBuildTask.process_ErrorDataReceived - 
[2016-11-30 22:37:39,250] [INFO]: Done.
[2016-11-30 22:37:39,251] [INFO]: Singning PBO using "C:\Users\agphe\AppData\Local\Temp\lils_economy.pbo"
2016-11-30 22:37:39,300 [WARN] 5: AddonBuilder.Tasks.ProcessBuildTask.process_ErrorDataReceived - 
2016-11-30 22:37:39,300 [INFO] 10: AddonBuilder.Tasks.ProcessBuildTask.ProcessOnOutputDataReceived - 
[2016-11-30 22:37:39,301] [INFO]: Done.
[2016-11-30 22:37:39,301] [INFO]: Copying PBO. [source]=C:\Users\agphe\AppData\Local\Temp\lils_economy.pbo, [dest]=D:\Windows 10 Benutzer\agphe\Documents\GitHub\LiveInLife\@LiveInLifeServer\addons\lils_economy.pbo
[2016-11-30 22:37:39,303] [INFO]: Done.
[2016-11-30 22:37:39,303] [INFO]: Copying addon public key. [source]=C:\Users\agphe\AppData\Local\Temp\lils_economy.pbo.lilc0.6.5.bisign, [dest]=D:\Windows 10 Benutzer\agphe\Documents\GitHub\LiveInLife\@LiveInLifeServer\addons\lils_economy.pbo.lilc0.6.5.bisign
[2016-11-30 22:37:39,304] [INFO]: Done.
[2016-11-30 22:37:39,304] [INFO]: Build Successful
Setting breakpad minidump AppID = 233800
Steam_SetMinidumpSteamID:  Caching Steam ID:  76561198040411592 [API loaded no]
[2016-11-30 22:37:39,425] [INFO]: ==========================================================================
[2016-11-30 22:37:39,435] [INFO]: WELCOME TO ADDON BUILDER
[2016-11-30 22:37:39,436] [INFO]: Version: 1.5.13825
[2016-11-30 22:37:39,438] [INFO]: ==========================================================================
[2016-11-30 22:37:39,593] [INFO]: Builder starting...
[2016-11-30 22:37:39,595] [INFO]: Syncing folders... [source]=D:\Windows 10 Benutzer\agphe\Documents\GitHub\LiveInLife\LiveInLifeServer\lils_events, [sync]=C:\Users\agphe\AppData\Local\Temp\lils_events
[2016-11-30 22:37:39,595] [INFO]: Syncing file "functions\fn_init.sqf"
[2016-11-30 22:37:39,596] [INFO]: File sync done
[2016-11-30 22:37:39,596] [INFO]: Syncing file "functions\fn_onPlayerDisconnect.sqf"
[2016-11-30 22:37:39,597] [INFO]: File sync done
[2016-11-30 22:37:39,597] [INFO]: Done.
[2016-11-30 22:37:39,597] [INFO]: Converting configs ...
[2016-11-30 22:37:39,599] [INFO]: Converting cfg "D:\Windows 10 Benutzer\agphe\Documents\GitHub\LiveInLife\LiveInLifeServer\lils_events\config.cpp"
2016-11-30 22:37:39,624 [INFO] 6: AddonBuilder.Tasks.ProcessBuildTask.ProcessOnOutputDataReceived - 
2016-11-30 22:37:39,624 [WARN] 5: AddonBuilder.Tasks.ProcessBuildTask.process_ErrorDataReceived - 
[2016-11-30 22:37:39,656] [INFO]: Converting cfg "C:\Users\agphe\AppData\Local\Temp\lils_events\config.txt"
2016-11-30 22:37:39,677 [INFO] 6: AddonBuilder.Tasks.ProcessBuildTask.ProcessOnOutputDataReceived - 
2016-11-30 22:37:39,677 [WARN] 7: AddonBuilder.Tasks.ProcessBuildTask.process_ErrorDataReceived - 
[2016-11-30 22:37:39,678] [INFO]: Converting done.
[2016-11-30 22:37:39,678] [INFO]: Done.
[2016-11-30 22:37:39,680] [INFO]: Binarizing ...
2016-11-30 22:37:40,794 [INFO] 6: AddonBuilder.Tasks.ProcessBuildTask.ProcessOnOutputDataReceived - This build is licensed to 'Bohemia Interactive a.s.' for use within the scope of the following projects/products: 'All'.
2016-11-30 22:37:40,798 [INFO] 6: AddonBuilder.Tasks.ProcessBuildTask.ProcessOnOutputDataReceived - 
2016-11-30 22:37:40,798 [WARN] 5: AddonBuilder.Tasks.ProcessBuildTask.process_ErrorDataReceived - 
[2016-11-30 22:37:40,800] [INFO]: Done.
[2016-11-30 22:37:40,801] [INFO]: Deleting empty folders in "C:\Users\agphe\AppData\Local\Temp\lils_events"
[2016-11-30 22:37:40,802] [INFO]: Done.
[2016-11-30 22:37:40,803] [INFO]: Binarizing texture headers
2016-11-30 22:37:40,888 [INFO] 6: AddonBuilder.Tasks.ProcessBuildTask.ProcessOnOutputDataReceived - Creating texture headers file...
2016-11-30 22:37:40,889 [INFO] 6: AddonBuilder.Tasks.ProcessBuildTask.ProcessOnOutputDataReceived - Texture headers file was not created - no textures found.
2016-11-30 22:37:40,893 [INFO] 6: AddonBuilder.Tasks.ProcessBuildTask.ProcessOnOutputDataReceived - 
2016-11-30 22:37:40,893 [WARN] 7: AddonBuilder.Tasks.ProcessBuildTask.process_ErrorDataReceived - 
[2016-11-30 22:37:40,895] [INFO]: Done.
[2016-11-30 22:37:40,895] [INFO]: Packing "C:\Users\agphe\AppData\Local\Temp\lils_events"...
2016-11-30 22:37:40,953 [WARN] 8: AddonBuilder.Tasks.ProcessBuildTask.process_ErrorDataReceived - 
2016-11-30 22:37:40,953 [INFO] 5: AddonBuilder.Tasks.ProcessBuildTask.ProcessOnOutputDataReceived - 
[2016-11-30 22:37:40,954] [INFO]: Done.
[2016-11-30 22:37:40,954] [INFO]: Singning PBO using "C:\Users\agphe\AppData\Local\Temp\lils_events.pbo"
2016-11-30 22:37:41,009 [INFO] 10: AddonBuilder.Tasks.ProcessBuildTask.ProcessOnOutputDataReceived - 
2016-11-30 22:37:41,009 [WARN] 7: AddonBuilder.Tasks.ProcessBuildTask.process_ErrorDataReceived - 
[2016-11-30 22:37:41,010] [INFO]: Done.
[2016-11-30 22:37:41,011] [INFO]: Copying PBO. [source]=C:\Users\agphe\AppData\Local\Temp\lils_events.pbo, [dest]=D:\Windows 10 Benutzer\agphe\Documents\GitHub\LiveInLife\@LiveInLifeServer\addons\lils_events.pbo
[2016-11-30 22:37:41,012] [INFO]: Done.
[2016-11-30 22:37:41,013] [INFO]: Copying addon public key. [source]=C:\Users\agphe\AppData\Local\Temp\lils_events.pbo.lilc0.6.5.bisign, [dest]=D:\Windows 10 Benutzer\agphe\Documents\GitHub\LiveInLife\@LiveInLifeServer\addons\lils_events.pbo.lilc0.6.5.bisign
[2016-11-30 22:37:41,014] [INFO]: Done.
[2016-11-30 22:37:41,014] [INFO]: Build Successful
Setting breakpad minidump AppID = 233800
Steam_SetMinidumpSteamID:  Caching Steam ID:  76561198040411592 [API loaded no]
[2016-11-30 22:37:41,145] [INFO]: ==========================================================================
[2016-11-30 22:37:41,156] [INFO]: WELCOME TO ADDON BUILDER
[2016-11-30 22:37:41,157] [INFO]: Version: 1.5.13825
[2016-11-30 22:37:41,158] [INFO]: ==========================================================================
[2016-11-30 22:37:41,311] [INFO]: Builder starting...
[2016-11-30 22:37:41,312] [INFO]: Syncing folders... [source]=D:\Windows 10 Benutzer\agphe\Documents\GitHub\LiveInLife\LiveInLifeServer\lils_factions-pse, [sync]=C:\Users\agphe\AppData\Local\Temp\lils_factions-pse
[2016-11-30 22:37:41,313] [INFO]: Done.
[2016-11-30 22:37:41,314] [INFO]: Converting configs ...
[2016-11-30 22:37:41,343] [INFO]: Converting cfg "C:\Users\agphe\AppData\Local\Temp\lils_factions-pse\config.txt"
2016-11-30 22:37:41,364 [INFO] 6: AddonBuilder.Tasks.ProcessBuildTask.ProcessOnOutputDataReceived - 
2016-11-30 22:37:41,364 [WARN] 5: AddonBuilder.Tasks.ProcessBuildTask.process_ErrorDataReceived - 
[2016-11-30 22:37:41,366] [INFO]: Converting done.
[2016-11-30 22:37:41,366] [INFO]: Done.
[2016-11-30 22:37:41,367] [INFO]: Binarizing ...
2016-11-30 22:37:42,478 [INFO] 6: AddonBuilder.Tasks.ProcessBuildTask.ProcessOnOutputDataReceived - This build is licensed to 'Bohemia Interactive a.s.' for use within the scope of the following projects/products: 'All'.
2016-11-30 22:37:42,483 [INFO] 6: AddonBuilder.Tasks.ProcessBuildTask.ProcessOnOutputDataReceived - 
2016-11-30 22:37:42,483 [WARN] 7: AddonBuilder.Tasks.ProcessBuildTask.process_ErrorDataReceived - 
[2016-11-30 22:37:42,485] [INFO]: Done.
[2016-11-30 22:37:42,486] [INFO]: Deleting empty folders in "C:\Users\agphe\AppData\Local\Temp\lils_factions-pse"
[2016-11-30 22:37:42,487] [INFO]: Done.
[2016-11-30 22:37:42,487] [INFO]: Binarizing texture headers
2016-11-30 22:37:42,588 [INFO] 10: AddonBuilder.Tasks.ProcessBuildTask.ProcessOnOutputDataReceived - Creating texture headers file...
2016-11-30 22:37:42,588 [INFO] 10: AddonBuilder.Tasks.ProcessBuildTask.ProcessOnOutputDataReceived - Texture headers file was not created - no textures found.
2016-11-30 22:37:42,592 [WARN] 5: AddonBuilder.Tasks.ProcessBuildTask.process_ErrorDataReceived - 
2016-11-30 22:37:42,592 [INFO] 10: AddonBuilder.Tasks.ProcessBuildTask.ProcessOnOutputDataReceived - 
[2016-11-30 22:37:42,594] [INFO]: Done.
[2016-11-30 22:37:42,595] [INFO]: Packing "C:\Users\agphe\AppData\Local\Temp\lils_factions-pse"...
2016-11-30 22:37:42,639 [INFO] 8: AddonBuilder.Tasks.ProcessBuildTask.ProcessOnOutputDataReceived - 
2016-11-30 22:37:42,639 [WARN] 6: AddonBuilder.Tasks.ProcessBuildTask.process_ErrorDataReceived - 
[2016-11-30 22:37:42,640] [INFO]: Done.
[2016-11-30 22:37:42,640] [INFO]: Singning PBO using "C:\Users\agphe\AppData\Local\Temp\lils_factions-pse.pbo"
2016-11-30 22:37:42,712 [INFO] 7: AddonBuilder.Tasks.ProcessBuildTask.ProcessOnOutputDataReceived - 
2016-11-30 22:37:42,712 [WARN] 11: AddonBuilder.Tasks.ProcessBuildTask.process_ErrorDataReceived - 
[2016-11-30 22:37:42,713] [INFO]: Done.
[2016-11-30 22:37:42,714] [INFO]: Copying PBO. [source]=C:\Users\agphe\AppData\Local\Temp\lils_factions-pse.pbo, [dest]=D:\Windows 10 Benutzer\agphe\Documents\GitHub\LiveInLife\@LiveInLifeServer\addons\lils_factions-pse.pbo
[2016-11-30 22:37:42,715] [INFO]: Done.
[2016-11-30 22:37:42,716] [INFO]: Copying addon public key. [source]=C:\Users\agphe\AppData\Local\Temp\lils_factions-pse.pbo.lilc0.6.5.bisign, [dest]=D:\Windows 10 Benutzer\agphe\Documents\GitHub\LiveInLife\@LiveInLifeServer\addons\lils_factions-pse.pbo.lilc0.6.5.bisign
[2016-11-30 22:37:42,716] [INFO]: Done.
[2016-11-30 22:37:42,717] [INFO]: Build Successful
Setting breakpad minidump AppID = 233800
Steam_SetMinidumpSteamID:  Caching Steam ID:  76561198040411592 [API loaded no]
[2016-11-30 22:37:42,861] [INFO]: ==========================================================================
[2016-11-30 22:37:42,872] [INFO]: WELCOME TO ADDON BUILDER
[2016-11-30 22:37:42,872] [INFO]: Version: 1.5.13825
[2016-11-30 22:37:42,874] [INFO]: ==========================================================================
[2016-11-30 22:37:43,052] [INFO]: Builder starting...
[2016-11-30 22:37:43,053] [INFO]: Syncing folders... [source]=D:\Windows 10 Benutzer\agphe\Documents\GitHub\LiveInLife\LiveInLifeServer\lils_factionsInterface, [sync]=C:\Users\agphe\AppData\Local\Temp\lils_factionsinterface
[2016-11-30 22:37:43,054] [INFO]: Syncing file "functions\fn_broadcastRanks.sqf"
[2016-11-30 22:37:43,055] [INFO]: File sync done
[2016-11-30 22:37:43,055] [INFO]: Syncing file "functions\fn_getPlayerInfo.sqf"
[2016-11-30 22:37:43,055] [INFO]: File sync done
[2016-11-30 22:37:43,056] [INFO]: Syncing file "functions\fn_getPlayerPermissions.sqf"
[2016-11-30 22:37:43,056] [INFO]: File sync done
[2016-11-30 22:37:43,056] [INFO]: Syncing file "functions\fn_getRankInfo.sqf"
[2016-11-30 22:37:43,056] [INFO]: File sync done
[2016-11-30 22:37:43,056] [INFO]: Syncing file "functions\fn_init.sqf"
[2016-11-30 22:37:43,057] [INFO]: File sync done
[2016-11-30 22:37:43,057] [INFO]: Syncing file "functions\fn_setFactionInfo.sqf"
[2016-11-30 22:37:43,057] [INFO]: File sync done
[2016-11-30 22:37:43,057] [INFO]: Syncing file "functions\fn_setPlayerInfo.sqf"
[2016-11-30 22:37:43,058] [INFO]: File sync done
[2016-11-30 22:37:43,058] [INFO]: Syncing file "functions\fn_setRankInfo.sqf"
[2016-11-30 22:37:43,058] [INFO]: File sync done
[2016-11-30 22:37:43,058] [INFO]: Done.
[2016-11-30 22:37:43,059] [INFO]: Converting configs ...
[2016-11-30 22:37:43,061] [INFO]: Converting cfg "D:\Windows 10 Benutzer\agphe\Documents\GitHub\LiveInLife\LiveInLifeServer\lils_factionsInterface\config.cpp"
2016-11-30 22:37:43,083 [INFO] 6: AddonBuilder.Tasks.ProcessBuildTask.ProcessOnOutputDataReceived - 
2016-11-30 22:37:43,083 [WARN] 5: AddonBuilder.Tasks.ProcessBuildTask.process_ErrorDataReceived - 
[2016-11-30 22:37:43,115] [INFO]: Converting cfg "C:\Users\agphe\AppData\Local\Temp\lils_factionsinterface\config.txt"
2016-11-30 22:37:43,154 [INFO] 8: AddonBuilder.Tasks.ProcessBuildTask.ProcessOnOutputDataReceived - 
2016-11-30 22:37:43,154 [WARN] 7: AddonBuilder.Tasks.ProcessBuildTask.process_ErrorDataReceived - 
[2016-11-30 22:37:43,155] [INFO]: Converting done.
[2016-11-30 22:37:43,155] [INFO]: Done.
[2016-11-30 22:37:43,156] [INFO]: Binarizing ...
2016-11-30 22:37:44,307 [INFO] 6: AddonBuilder.Tasks.ProcessBuildTask.ProcessOnOutputDataReceived - This build is licensed to 'Bohemia Interactive a.s.' for use within the scope of the following projects/products: 'All'.
2016-11-30 22:37:44,313 [WARN] 5: AddonBuilder.Tasks.ProcessBuildTask.process_ErrorDataReceived - 
2016-11-30 22:37:44,313 [INFO] 6: AddonBuilder.Tasks.ProcessBuildTask.ProcessOnOutputDataReceived - 
[2016-11-30 22:37:44,316] [INFO]: Done.
[2016-11-30 22:37:44,317] [INFO]: Deleting empty folders in "C:\Users\agphe\AppData\Local\Temp\lils_factionsinterface"
[2016-11-30 22:37:44,318] [INFO]: Done.
[2016-11-30 22:37:44,318] [INFO]: Binarizing texture headers
2016-11-30 22:37:44,411 [INFO] 7: AddonBuilder.Tasks.ProcessBuildTask.ProcessOnOutputDataReceived - Creating texture headers file...
2016-11-30 22:37:44,411 [INFO] 7: AddonBuilder.Tasks.ProcessBuildTask.ProcessOnOutputDataReceived - Texture headers file was not created - no textures found.
2016-11-30 22:37:44,416 [WARN] 8: AddonBuilder.Tasks.ProcessBuildTask.process_ErrorDataReceived - 
2016-11-30 22:37:44,416 [INFO] 7: AddonBuilder.Tasks.ProcessBuildTask.ProcessOnOutputDataReceived - 
[2016-11-30 22:37:44,418] [INFO]: Done.
[2016-11-30 22:37:44,419] [INFO]: Packing "C:\Users\agphe\AppData\Local\Temp\lils_factionsinterface"...
2016-11-30 22:37:44,477 [WARN] 6: AddonBuilder.Tasks.ProcessBuildTask.process_ErrorDataReceived - 
2016-11-30 22:37:44,477 [INFO] 10: AddonBuilder.Tasks.ProcessBuildTask.ProcessOnOutputDataReceived - 
[2016-11-30 22:37:44,478] [INFO]: Done.
[2016-11-30 22:37:44,479] [INFO]: Singning PBO using "C:\Users\agphe\AppData\Local\Temp\lils_factionsInterface.pbo"
2016-11-30 22:37:44,528 [INFO] 11: AddonBuilder.Tasks.ProcessBuildTask.ProcessOnOutputDataReceived - 
2016-11-30 22:37:44,528 [WARN] 5: AddonBuilder.Tasks.ProcessBuildTask.process_ErrorDataReceived - 
[2016-11-30 22:37:44,530] [INFO]: Done.
[2016-11-30 22:37:44,530] [INFO]: Copying PBO. [source]=C:\Users\agphe\AppData\Local\Temp\lils_factionsInterface.pbo, [dest]=D:\Windows 10 Benutzer\agphe\Documents\GitHub\LiveInLife\@LiveInLifeServer\addons\lils_factionsInterface.pbo
[2016-11-30 22:37:44,531] [INFO]: Done.
[2016-11-30 22:37:44,532] [INFO]: Copying addon public key. [source]=C:\Users\agphe\AppData\Local\Temp\lils_factionsInterface.pbo.lilc0.6.5.bisign, [dest]=D:\Windows 10 Benutzer\agphe\Documents\GitHub\LiveInLife\@LiveInLifeServer\addons\lils_factionsInterface.pbo.lilc0.6.5.bisign
[2016-11-30 22:37:44,532] [INFO]: Done.
[2016-11-30 22:37:44,533] [INFO]: Build Successful
Setting breakpad minidump AppID = 233800
Steam_SetMinidumpSteamID:  Caching Steam ID:  76561198040411592 [API loaded no]
[2016-11-30 22:37:44,669] [INFO]: ==========================================================================
[2016-11-30 22:37:44,680] [INFO]: WELCOME TO ADDON BUILDER
[2016-11-30 22:37:44,681] [INFO]: Version: 1.5.13825
[2016-11-30 22:37:44,682] [INFO]: ==========================================================================
[2016-11-30 22:37:44,834] [INFO]: Builder starting...
[2016-11-30 22:37:44,835] [INFO]: Syncing folders... [source]=D:\Windows 10 Benutzer\agphe\Documents\GitHub\LiveInLife\LiveInLifeServer\lils_firstspawn, [sync]=C:\Users\agphe\AppData\Local\Temp\lils_firstspawn
[2016-11-30 22:37:44,836] [INFO]: Syncing file "functions\fn_addToFlight.sqf"
[2016-11-30 22:37:44,837] [INFO]: File sync done
[2016-11-30 22:37:44,837] [INFO]: Syncing file "functions\fn_flightLoop.sqf"
[2016-11-30 22:37:44,837] [INFO]: File sync done
[2016-11-30 22:37:44,837] [INFO]: Syncing file "functions\fn_init.sqf"
[2016-11-30 22:37:44,838] [INFO]: File sync done
[2016-11-30 22:37:44,838] [INFO]: Done.
[2016-11-30 22:37:44,838] [INFO]: Converting configs ...
[2016-11-30 22:37:44,840] [INFO]: Converting cfg "D:\Windows 10 Benutzer\agphe\Documents\GitHub\LiveInLife\LiveInLifeServer\lils_firstspawn\config.cpp"
2016-11-30 22:37:44,862 [INFO] 6: AddonBuilder.Tasks.ProcessBuildTask.ProcessOnOutputDataReceived - 
2016-11-30 22:37:44,862 [WARN] 5: AddonBuilder.Tasks.ProcessBuildTask.process_ErrorDataReceived - 
[2016-11-30 22:37:44,894] [INFO]: Converting cfg "C:\Users\agphe\AppData\Local\Temp\lils_firstspawn\config.txt"
2016-11-30 22:37:44,928 [INFO] 6: AddonBuilder.Tasks.ProcessBuildTask.ProcessOnOutputDataReceived - 
2016-11-30 22:37:44,928 [WARN] 7: AddonBuilder.Tasks.ProcessBuildTask.process_ErrorDataReceived - 
[2016-11-30 22:37:44,929] [INFO]: Converting done.
[2016-11-30 22:37:44,929] [INFO]: Done.
[2016-11-30 22:37:44,930] [INFO]: Binarizing ...
2016-11-30 22:37:46,184 [INFO] 8: AddonBuilder.Tasks.ProcessBuildTask.ProcessOnOutputDataReceived - This build is licensed to 'Bohemia Interactive a.s.' for use within the scope of the following projects/products: 'All'.
2016-11-30 22:37:46,188 [INFO] 8: AddonBuilder.Tasks.ProcessBuildTask.ProcessOnOutputDataReceived - 
2016-11-30 22:37:46,188 [WARN] 5: AddonBuilder.Tasks.ProcessBuildTask.process_ErrorDataReceived - 
[2016-11-30 22:37:46,191] [INFO]: Done.
[2016-11-30 22:37:46,191] [INFO]: Deleting empty folders in "C:\Users\agphe\AppData\Local\Temp\lils_firstspawn"
[2016-11-30 22:37:46,192] [INFO]: Done.
[2016-11-30 22:37:46,193] [INFO]: Binarizing texture headers
2016-11-30 22:37:46,301 [INFO] 8: AddonBuilder.Tasks.ProcessBuildTask.ProcessOnOutputDataReceived - Creating texture headers file...
2016-11-30 22:37:46,301 [INFO] 8: AddonBuilder.Tasks.ProcessBuildTask.ProcessOnOutputDataReceived - Texture headers file was not created - no textures found.
2016-11-30 22:37:46,306 [INFO] 8: AddonBuilder.Tasks.ProcessBuildTask.ProcessOnOutputDataReceived - 
2016-11-30 22:37:46,306 [WARN] 6: AddonBuilder.Tasks.ProcessBuildTask.process_ErrorDataReceived - 
[2016-11-30 22:37:46,308] [INFO]: Done.
[2016-11-30 22:37:46,309] [INFO]: Packing "C:\Users\agphe\AppData\Local\Temp\lils_firstspawn"...
2016-11-30 22:37:46,354 [WARN] 10: AddonBuilder.Tasks.ProcessBuildTask.process_ErrorDataReceived - 
2016-11-30 22:37:46,354 [INFO] 5: AddonBuilder.Tasks.ProcessBuildTask.ProcessOnOutputDataReceived - 
[2016-11-30 22:37:46,355] [INFO]: Done.
[2016-11-30 22:37:46,355] [INFO]: Singning PBO using "C:\Users\agphe\AppData\Local\Temp\lils_firstspawn.pbo"
2016-11-30 22:37:46,419 [WARN] 11: AddonBuilder.Tasks.ProcessBuildTask.process_ErrorDataReceived - 
2016-11-30 22:37:46,419 [INFO] 8: AddonBuilder.Tasks.ProcessBuildTask.ProcessOnOutputDataReceived - 
[2016-11-30 22:37:46,420] [INFO]: Done.
[2016-11-30 22:37:46,421] [INFO]: Copying PBO. [source]=C:\Users\agphe\AppData\Local\Temp\lils_firstspawn.pbo, [dest]=D:\Windows 10 Benutzer\agphe\Documents\GitHub\LiveInLife\@LiveInLifeServer\addons\lils_firstspawn.pbo
[2016-11-30 22:37:46,422] [INFO]: Done.
[2016-11-30 22:37:46,422] [INFO]: Copying addon public key. [source]=C:\Users\agphe\AppData\Local\Temp\lils_firstspawn.pbo.lilc0.6.5.bisign, [dest]=D:\Windows 10 Benutzer\agphe\Documents\GitHub\LiveInLife\@LiveInLifeServer\addons\lils_firstspawn.pbo.lilc0.6.5.bisign
[2016-11-30 22:37:46,423] [INFO]: Done.
[2016-11-30 22:37:46,423] [INFO]: Build Successful
Setting breakpad minidump AppID = 233800
Steam_SetMinidumpSteamID:  Caching Steam ID:  76561198040411592 [API loaded no]
[2016-11-30 22:37:46,546] [INFO]: ==========================================================================
[2016-11-30 22:37:46,557] [INFO]: WELCOME TO ADDON BUILDER
[2016-11-30 22:37:46,558] [INFO]: Version: 1.5.13825
[2016-11-30 22:37:46,559] [INFO]: ==========================================================================
[2016-11-30 22:37:46,715] [INFO]: Builder starting...
[2016-11-30 22:37:46,716] [INFO]: Syncing folders... [source]=D:\Windows 10 Benutzer\agphe\Documents\GitHub\LiveInLife\LiveInLifeServer\lils_garage, [sync]=C:\Users\agphe\AppData\Local\Temp\lils_garage
[2016-11-30 22:37:46,717] [INFO]: Syncing file "functions\fn_add.sqf"
[2016-11-30 22:37:46,718] [INFO]: File sync done
[2016-11-30 22:37:46,718] [INFO]: Syncing file "functions\fn_getVehicles.sqf"
[2016-11-30 22:37:46,718] [INFO]: File sync done
[2016-11-30 22:37:46,718] [INFO]: Syncing file "functions\fn_insert.sqf"
[2016-11-30 22:37:46,719] [INFO]: File sync done
[2016-11-30 22:37:46,719] [INFO]: Syncing file "functions\fn_park.sqf"
[2016-11-30 22:37:46,719] [INFO]: File sync done
[2016-11-30 22:37:46,719] [INFO]: Syncing file "functions\fn_push.sqf"
[2016-11-30 22:37:46,720] [INFO]: File sync done
[2016-11-30 22:37:46,720] [INFO]: Syncing file "functions\fn_returnVehicles.sqf"
[2016-11-30 22:37:46,720] [INFO]: File sync done
[2016-11-30 22:37:46,720] [INFO]: Syncing file "functions\fn_reveal.sqf"
[2016-11-30 22:37:46,720] [INFO]: File sync done
[2016-11-30 22:37:46,721] [INFO]: Done.
[2016-11-30 22:37:46,721] [INFO]: Converting configs ...
[2016-11-30 22:37:46,723] [INFO]: Converting cfg "D:\Windows 10 Benutzer\agphe\Documents\GitHub\LiveInLife\LiveInLifeServer\lils_garage\config.cpp"
2016-11-30 22:37:46,762 [INFO] 6: AddonBuilder.Tasks.ProcessBuildTask.ProcessOnOutputDataReceived - 
2016-11-30 22:37:46,762 [WARN] 5: AddonBuilder.Tasks.ProcessBuildTask.process_ErrorDataReceived - 
[2016-11-30 22:37:46,793] [INFO]: Converting cfg "C:\Users\agphe\AppData\Local\Temp\lils_garage\config.txt"
2016-11-30 22:37:46,828 [INFO] 6: AddonBuilder.Tasks.ProcessBuildTask.ProcessOnOutputDataReceived - 
2016-11-30 22:37:46,828 [WARN] 7: AddonBuilder.Tasks.ProcessBuildTask.process_ErrorDataReceived - 
[2016-11-30 22:37:46,829] [INFO]: Converting done.
[2016-11-30 22:37:46,829] [INFO]: Done.
[2016-11-30 22:37:46,830] [INFO]: Binarizing ...
2016-11-30 22:37:47,954 [INFO] 8: AddonBuilder.Tasks.ProcessBuildTask.ProcessOnOutputDataReceived - This build is licensed to 'Bohemia Interactive a.s.' for use within the scope of the following projects/products: 'All'.
2016-11-30 22:37:47,959 [WARN] 5: AddonBuilder.Tasks.ProcessBuildTask.process_ErrorDataReceived - 
2016-11-30 22:37:47,959 [INFO] 8: AddonBuilder.Tasks.ProcessBuildTask.ProcessOnOutputDataReceived - 
[2016-11-30 22:37:47,961] [INFO]: Done.
[2016-11-30 22:37:47,961] [INFO]: Deleting empty folders in "C:\Users\agphe\AppData\Local\Temp\lils_garage"
[2016-11-30 22:37:47,962] [INFO]: Done.
[2016-11-30 22:37:47,963] [INFO]: Binarizing texture headers
2016-11-30 22:37:48,039 [INFO] 11: AddonBuilder.Tasks.ProcessBuildTask.ProcessOnOutputDataReceived - Creating texture headers file...
2016-11-30 22:37:48,039 [INFO] 11: AddonBuilder.Tasks.ProcessBuildTask.ProcessOnOutputDataReceived - Texture headers file was not created - no textures found.
2016-11-30 22:37:48,045 [INFO] 5: AddonBuilder.Tasks.ProcessBuildTask.ProcessOnOutputDataReceived - 
2016-11-30 22:37:48,045 [WARN] 6: AddonBuilder.Tasks.ProcessBuildTask.process_ErrorDataReceived - 
[2016-11-30 22:37:48,047] [INFO]: Done.
[2016-11-30 22:37:48,048] [INFO]: Packing "C:\Users\agphe\AppData\Local\Temp\lils_garage"...
2016-11-30 22:37:48,117 [INFO] 8: AddonBuilder.Tasks.ProcessBuildTask.ProcessOnOutputDataReceived - 
2016-11-30 22:37:48,117 [WARN] 11: AddonBuilder.Tasks.ProcessBuildTask.process_ErrorDataReceived - 
[2016-11-30 22:37:48,118] [INFO]: Done.
[2016-11-30 22:37:48,118] [INFO]: Singning PBO using "C:\Users\agphe\AppData\Local\Temp\lils_garage.pbo"
2016-11-30 22:37:48,191 [INFO] 8: AddonBuilder.Tasks.ProcessBuildTask.ProcessOnOutputDataReceived - 
2016-11-30 22:37:48,191 [WARN] 7: AddonBuilder.Tasks.ProcessBuildTask.process_ErrorDataReceived - 
[2016-11-30 22:37:48,192] [INFO]: Done.
[2016-11-30 22:37:48,193] [INFO]: Copying PBO. [source]=C:\Users\agphe\AppData\Local\Temp\lils_garage.pbo, [dest]=D:\Windows 10 Benutzer\agphe\Documents\GitHub\LiveInLife\@LiveInLifeServer\addons\lils_garage.pbo
[2016-11-30 22:37:48,194] [INFO]: Done.
[2016-11-30 22:37:48,195] [INFO]: Copying addon public key. [source]=C:\Users\agphe\AppData\Local\Temp\lils_garage.pbo.lilc0.6.5.bisign, [dest]=D:\Windows 10 Benutzer\agphe\Documents\GitHub\LiveInLife\@LiveInLifeServer\addons\lils_garage.pbo.lilc0.6.5.bisign
[2016-11-30 22:37:48,195] [INFO]: Done.
[2016-11-30 22:37:48,196] [INFO]: Build Successful
Setting breakpad minidump AppID = 233800
Steam_SetMinidumpSteamID:  Caching Steam ID:  76561198040411592 [API loaded no]
[2016-11-30 22:37:48,341] [INFO]: ==========================================================================
[2016-11-30 22:37:48,352] [INFO]: WELCOME TO ADDON BUILDER
[2016-11-30 22:37:48,353] [INFO]: Version: 1.5.13825
[2016-11-30 22:37:48,354] [INFO]: ==========================================================================
[2016-11-30 22:37:48,506] [INFO]: Builder starting...
[2016-11-30 22:37:48,507] [INFO]: Syncing folders... [source]=D:\Windows 10 Benutzer\agphe\Documents\GitHub\LiveInLife\LiveInLifeServer\lils_keys, [sync]=C:\Users\agphe\AppData\Local\Temp\lils_keys
[2016-11-30 22:37:48,507] [INFO]: Syncing file "functions\fn_persistentLock.sqf"
[2016-11-30 22:37:48,508] [INFO]: File sync done
[2016-11-30 22:37:48,509] [INFO]: Done.
[2016-11-30 22:37:48,509] [INFO]: Converting configs ...
[2016-11-30 22:37:48,511] [INFO]: Converting cfg "D:\Windows 10 Benutzer\agphe\Documents\GitHub\LiveInLife\LiveInLifeServer\lils_keys\config.cpp"
2016-11-30 22:37:48,533 [INFO] 6: AddonBuilder.Tasks.ProcessBuildTask.ProcessOnOutputDataReceived - 
2016-11-30 22:37:48,533 [WARN] 5: AddonBuilder.Tasks.ProcessBuildTask.process_ErrorDataReceived - 
[2016-11-30 22:37:48,563] [INFO]: Converting cfg "C:\Users\agphe\AppData\Local\Temp\lils_keys\config.txt"
2016-11-30 22:37:48,598 [INFO] 6: AddonBuilder.Tasks.ProcessBuildTask.ProcessOnOutputDataReceived - 
2016-11-30 22:37:48,598 [WARN] 8: AddonBuilder.Tasks.ProcessBuildTask.process_ErrorDataReceived - 
[2016-11-30 22:37:48,599] [INFO]: Converting done.
[2016-11-30 22:37:48,599] [INFO]: Done.
[2016-11-30 22:37:48,600] [INFO]: Binarizing ...
2016-11-30 22:37:49,717 [INFO] 6: AddonBuilder.Tasks.ProcessBuildTask.ProcessOnOutputDataReceived - This build is licensed to 'Bohemia Interactive a.s.' for use within the scope of the following projects/products: 'All'.
2016-11-30 22:37:49,722 [WARN] 7: AddonBuilder.Tasks.ProcessBuildTask.process_ErrorDataReceived - 
2016-11-30 22:37:49,722 [INFO] 6: AddonBuilder.Tasks.ProcessBuildTask.ProcessOnOutputDataReceived - 
[2016-11-30 22:37:49,725] [INFO]: Done.
[2016-11-30 22:37:49,725] [INFO]: Deleting empty folders in "C:\Users\agphe\AppData\Local\Temp\lils_keys"
[2016-11-30 22:37:49,726] [INFO]: Done.
[2016-11-30 22:37:49,727] [INFO]: Binarizing texture headers
2016-11-30 22:37:49,804 [INFO] 10: AddonBuilder.Tasks.ProcessBuildTask.ProcessOnOutputDataReceived - Creating texture headers file...
2016-11-30 22:37:49,804 [INFO] 10: AddonBuilder.Tasks.ProcessBuildTask.ProcessOnOutputDataReceived - Texture headers file was not created - no textures found.
2016-11-30 22:37:49,808 [INFO] 10: AddonBuilder.Tasks.ProcessBuildTask.ProcessOnOutputDataReceived - 
2016-11-30 22:37:49,808 [WARN] 5: AddonBuilder.Tasks.ProcessBuildTask.process_ErrorDataReceived - 
[2016-11-30 22:37:49,810] [INFO]: Done.
[2016-11-30 22:37:49,811] [INFO]: Packing "C:\Users\agphe\AppData\Local\Temp\lils_keys"...
2016-11-30 22:37:49,886 [WARN] 11: AddonBuilder.Tasks.ProcessBuildTask.process_ErrorDataReceived - 
2016-11-30 22:37:49,886 [INFO] 7: AddonBuilder.Tasks.ProcessBuildTask.ProcessOnOutputDataReceived - 
[2016-11-30 22:37:49,887] [INFO]: Done.
[2016-11-30 22:37:49,887] [INFO]: Singning PBO using "C:\Users\agphe\AppData\Local\Temp\lils_keys.pbo"
2016-11-30 22:37:49,980 [WARN] 8: AddonBuilder.Tasks.ProcessBuildTask.process_ErrorDataReceived - 
2016-11-30 22:37:49,980 [INFO] 6: AddonBuilder.Tasks.ProcessBuildTask.ProcessOnOutputDataReceived - 
[2016-11-30 22:37:49,981] [INFO]: Done.
[2016-11-30 22:37:49,982] [INFO]: Copying PBO. [source]=C:\Users\agphe\AppData\Local\Temp\lils_keys.pbo, [dest]=D:\Windows 10 Benutzer\agphe\Documents\GitHub\LiveInLife\@LiveInLifeServer\addons\lils_keys.pbo
[2016-11-30 22:37:49,983] [INFO]: Done.
[2016-11-30 22:37:49,983] [INFO]: Copying addon public key. [source]=C:\Users\agphe\AppData\Local\Temp\lils_keys.pbo.lilc0.6.5.bisign, [dest]=D:\Windows 10 Benutzer\agphe\Documents\GitHub\LiveInLife\@LiveInLifeServer\addons\lils_keys.pbo.lilc0.6.5.bisign
[2016-11-30 22:37:49,984] [INFO]: Done.
[2016-11-30 22:37:49,984] [INFO]: Build Successful
Setting breakpad minidump AppID = 233800
Steam_SetMinidumpSteamID:  Caching Steam ID:  76561198040411592 [API loaded no]
[2016-11-30 22:37:50,103] [INFO]: ==========================================================================
[2016-11-30 22:37:50,114] [INFO]: WELCOME TO ADDON BUILDER
[2016-11-30 22:37:50,115] [INFO]: Version: 1.5.13825
[2016-11-30 22:37:50,116] [INFO]: ==========================================================================
[2016-11-30 22:37:50,270] [INFO]: Builder starting...
[2016-11-30 22:37:50,271] [INFO]: Syncing folders... [source]=D:\Windows 10 Benutzer\agphe\Documents\GitHub\LiveInLife\LiveInLifeServer\lils_licenses, [sync]=C:\Users\agphe\AppData\Local\Temp\lils_licenses
[2016-11-30 22:37:50,271] [INFO]: Done.
[2016-11-30 22:37:50,272] [INFO]: Converting configs ...
[2016-11-30 22:37:50,302] [INFO]: Converting cfg "C:\Users\agphe\AppData\Local\Temp\lils_licenses\config.txt"
2016-11-30 22:37:50,326 [INFO] 6: AddonBuilder.Tasks.ProcessBuildTask.ProcessOnOutputDataReceived - 
2016-11-30 22:37:50,326 [WARN] 5: AddonBuilder.Tasks.ProcessBuildTask.process_ErrorDataReceived - 
[2016-11-30 22:37:50,328] [INFO]: Converting done.
[2016-11-30 22:37:50,328] [INFO]: Done.
[2016-11-30 22:37:50,329] [INFO]: Binarizing ...
2016-11-30 22:37:51,562 [INFO] 8: AddonBuilder.Tasks.ProcessBuildTask.ProcessOnOutputDataReceived - This build is licensed to 'Bohemia Interactive a.s.' for use within the scope of the following projects/products: 'All'.
2016-11-30 22:37:51,566 [INFO] 8: AddonBuilder.Tasks.ProcessBuildTask.ProcessOnOutputDataReceived - 
2016-11-30 22:37:51,566 [WARN] 7: AddonBuilder.Tasks.ProcessBuildTask.process_ErrorDataReceived - 
[2016-11-30 22:37:51,568] [INFO]: Done.
[2016-11-30 22:37:51,569] [INFO]: Deleting empty folders in "C:\Users\agphe\AppData\Local\Temp\lils_licenses"
[2016-11-30 22:37:51,570] [INFO]: Done.
[2016-11-30 22:37:51,570] [INFO]: Binarizing texture headers
2016-11-30 22:37:51,664 [INFO] 10: AddonBuilder.Tasks.ProcessBuildTask.ProcessOnOutputDataReceived - Creating texture headers file...
2016-11-30 22:37:51,664 [INFO] 10: AddonBuilder.Tasks.ProcessBuildTask.ProcessOnOutputDataReceived - Texture headers file was not created - no textures found.
2016-11-30 22:37:51,669 [WARN] 5: AddonBuilder.Tasks.ProcessBuildTask.process_ErrorDataReceived - 
2016-11-30 22:37:51,669 [INFO] 10: AddonBuilder.Tasks.ProcessBuildTask.ProcessOnOutputDataReceived - 
[2016-11-30 22:37:51,670] [INFO]: Done.
[2016-11-30 22:37:51,671] [INFO]: Packing "C:\Users\agphe\AppData\Local\Temp\lils_licenses"...
2016-11-30 22:37:51,736 [INFO] 7: AddonBuilder.Tasks.ProcessBuildTask.ProcessOnOutputDataReceived - 
2016-11-30 22:37:51,736 [WARN] 11: AddonBuilder.Tasks.ProcessBuildTask.process_ErrorDataReceived - 
[2016-11-30 22:37:51,737] [INFO]: Done.
[2016-11-30 22:37:51,737] [INFO]: Singning PBO using "C:\Users\agphe\AppData\Local\Temp\lils_licenses.pbo"
2016-11-30 22:37:51,799 [INFO] 6: AddonBuilder.Tasks.ProcessBuildTask.ProcessOnOutputDataReceived - 
2016-11-30 22:37:51,799 [WARN] 5: AddonBuilder.Tasks.ProcessBuildTask.process_ErrorDataReceived - 
[2016-11-30 22:37:51,800] [INFO]: Done.
[2016-11-30 22:37:51,800] [INFO]: Copying PBO. [source]=C:\Users\agphe\AppData\Local\Temp\lils_licenses.pbo, [dest]=D:\Windows 10 Benutzer\agphe\Documents\GitHub\LiveInLife\@LiveInLifeServer\addons\lils_licenses.pbo
[2016-11-30 22:37:51,802] [INFO]: Done.
[2016-11-30 22:37:51,802] [INFO]: Copying addon public key. [source]=C:\Users\agphe\AppData\Local\Temp\lils_licenses.pbo.lilc0.6.5.bisign, [dest]=D:\Windows 10 Benutzer\agphe\Documents\GitHub\LiveInLife\@LiveInLifeServer\addons\lils_licenses.pbo.lilc0.6.5.bisign
[2016-11-30 22:37:51,803] [INFO]: Done.
[2016-11-30 22:37:51,803] [INFO]: Build Successful
Setting breakpad minidump AppID = 233800
Steam_SetMinidumpSteamID:  Caching Steam ID:  76561198040411592 [API loaded no]
[2016-11-30 22:37:51,938] [INFO]: ==========================================================================
[2016-11-30 22:37:51,949] [INFO]: WELCOME TO ADDON BUILDER
[2016-11-30 22:37:51,950] [INFO]: Version: 1.5.13825
[2016-11-30 22:37:51,951] [INFO]: ==========================================================================
[2016-11-30 22:37:52,103] [INFO]: Builder starting...
[2016-11-30 22:37:52,104] [INFO]: Syncing folders... [source]=D:\Windows 10 Benutzer\agphe\Documents\GitHub\LiveInLife\LiveInLifeServer\lils_locker, [sync]=C:\Users\agphe\AppData\Local\Temp\lils_locker
[2016-11-30 22:37:52,105] [INFO]: Syncing file "functions\fn_create.sqf"
[2016-11-30 22:37:52,105] [INFO]: File sync done
[2016-11-30 22:37:52,106] [INFO]: Syncing file "functions\fn_getLockers.sqf"
[2016-11-30 22:37:52,106] [INFO]: File sync done
[2016-11-30 22:37:52,106] [INFO]: Syncing file "functions\fn_load.sqf"
[2016-11-30 22:37:52,107] [INFO]: File sync done
[2016-11-30 22:37:52,107] [INFO]: Syncing file "functions\fn_save.sqf"
[2016-11-30 22:37:52,107] [INFO]: File sync done
[2016-11-30 22:37:52,107] [INFO]: Done.
[2016-11-30 22:37:52,108] [INFO]: Converting configs ...
[2016-11-30 22:37:52,110] [INFO]: Converting cfg "D:\Windows 10 Benutzer\agphe\Documents\GitHub\LiveInLife\LiveInLifeServer\lils_locker\config.cpp"
2016-11-30 22:37:52,132 [INFO] 6: AddonBuilder.Tasks.ProcessBuildTask.ProcessOnOutputDataReceived - 
2016-11-30 22:37:52,132 [WARN] 5: AddonBuilder.Tasks.ProcessBuildTask.process_ErrorDataReceived - 
[2016-11-30 22:37:52,163] [INFO]: Converting cfg "C:\Users\agphe\AppData\Local\Temp\lils_locker\config.txt"
2016-11-30 22:37:52,205 [INFO] 6: AddonBuilder.Tasks.ProcessBuildTask.ProcessOnOutputDataReceived - 
2016-11-30 22:37:52,205 [WARN] 7: AddonBuilder.Tasks.ProcessBuildTask.process_ErrorDataReceived - 
[2016-11-30 22:37:52,205] [INFO]: Converting done.
[2016-11-30 22:37:52,205] [INFO]: Done.
[2016-11-30 22:37:52,207] [INFO]: Binarizing ...
2016-11-30 22:37:53,342 [INFO] 8: AddonBuilder.Tasks.ProcessBuildTask.ProcessOnOutputDataReceived - This build is licensed to 'Bohemia Interactive a.s.' for use within the scope of the following projects/products: 'All'.
2016-11-30 22:37:53,347 [INFO] 8: AddonBuilder.Tasks.ProcessBuildTask.ProcessOnOutputDataReceived - 
2016-11-30 22:37:53,347 [WARN] 5: AddonBuilder.Tasks.ProcessBuildTask.process_ErrorDataReceived - 
[2016-11-30 22:37:53,349] [INFO]: Done.
[2016-11-30 22:37:53,350] [INFO]: Deleting empty folders in "C:\Users\agphe\AppData\Local\Temp\lils_locker"
[2016-11-30 22:37:53,351] [INFO]: Done.
[2016-11-30 22:37:53,351] [INFO]: Binarizing texture headers
2016-11-30 22:37:53,443 [INFO] 11: AddonBuilder.Tasks.ProcessBuildTask.ProcessOnOutputDataReceived - Creating texture headers file...
2016-11-30 22:37:53,443 [INFO] 11: AddonBuilder.Tasks.ProcessBuildTask.ProcessOnOutputDataReceived - Texture headers file was not created - no textures found.
2016-11-30 22:37:53,449 [WARN] 7: AddonBuilder.Tasks.ProcessBuildTask.process_ErrorDataReceived - 
2016-11-30 22:37:53,449 [INFO] 11: AddonBuilder.Tasks.ProcessBuildTask.ProcessOnOutputDataReceived - 
[2016-11-30 22:37:53,451] [INFO]: Done.
[2016-11-30 22:37:53,451] [INFO]: Packing "C:\Users\agphe\AppData\Local\Temp\lils_locker"...
2016-11-30 22:37:53,717 [INFO] 6: AddonBuilder.Tasks.ProcessBuildTask.ProcessOnOutputDataReceived - 
2016-11-30 22:37:53,717 [WARN] 5: AddonBuilder.Tasks.ProcessBuildTask.process_ErrorDataReceived - 
[2016-11-30 22:37:53,718] [INFO]: Done.
[2016-11-30 22:37:53,719] [INFO]: Singning PBO using "C:\Users\agphe\AppData\Local\Temp\lils_locker.pbo"
2016-11-30 22:37:53,790 [INFO] 8: AddonBuilder.Tasks.ProcessBuildTask.ProcessOnOutputDataReceived - 
2016-11-30 22:37:53,790 [WARN] 10: AddonBuilder.Tasks.ProcessBuildTask.process_ErrorDataReceived - 
[2016-11-30 22:37:53,791] [INFO]: Done.
[2016-11-30 22:37:53,792] [INFO]: Copying PBO. [source]=C:\Users\agphe\AppData\Local\Temp\lils_locker.pbo, [dest]=D:\Windows 10 Benutzer\agphe\Documents\GitHub\LiveInLife\@LiveInLifeServer\addons\lils_locker.pbo
[2016-11-30 22:37:53,793] [INFO]: Done.
[2016-11-30 22:37:53,793] [INFO]: Copying addon public key. [source]=C:\Users\agphe\AppData\Local\Temp\lils_locker.pbo.lilc0.6.5.bisign, [dest]=D:\Windows 10 Benutzer\agphe\Documents\GitHub\LiveInLife\@LiveInLifeServer\addons\lils_locker.pbo.lilc0.6.5.bisign
[2016-11-30 22:37:53,794] [INFO]: Done.
[2016-11-30 22:37:53,794] [INFO]: Build Successful
Setting breakpad minidump AppID = 233800
Steam_SetMinidumpSteamID:  Caching Steam ID:  76561198040411592 [API loaded no]
[2016-11-30 22:37:53,918] [INFO]: ==========================================================================
[2016-11-30 22:37:53,929] [INFO]: WELCOME TO ADDON BUILDER
[2016-11-30 22:37:53,930] [INFO]: Version: 1.5.13825
[2016-11-30 22:37:53,931] [INFO]: ==========================================================================
[2016-11-30 22:37:54,112] [INFO]: Builder starting...
[2016-11-30 22:37:54,113] [INFO]: Syncing folders... [source]=D:\Windows 10 Benutzer\agphe\Documents\GitHub\LiveInLife\LiveInLifeServer\lils_login, [sync]=C:\Users\agphe\AppData\Local\Temp\lils_login
[2016-11-30 22:37:54,114] [INFO]: Syncing file "functions\fn_createAccountData.sqf"
[2016-11-30 22:37:54,115] [INFO]: File sync done
[2016-11-30 22:37:54,115] [INFO]: Syncing file "functions\fn_returnAccountData.sqf"
[2016-11-30 22:37:54,115] [INFO]: File sync done
[2016-11-30 22:37:54,115] [INFO]: Syncing file "functions\fn_returnPlayerData.sqf"
[2016-11-30 22:37:54,116] [INFO]: File sync done
[2016-11-30 22:37:54,116] [INFO]: Syncing file "functions\fn_setPlayerID.sqf"
[2016-11-30 22:37:54,116] [INFO]: File sync done
[2016-11-30 22:37:54,116] [INFO]: Syncing file "functions\fn_setPlayerInfo.sqf"
[2016-11-30 22:37:54,117] [INFO]: File sync done
[2016-11-30 22:37:54,117] [INFO]: Syncing file "functions\fn_updatePlayerData.sqf"
[2016-11-30 22:37:54,117] [INFO]: File sync done
[2016-11-30 22:37:54,117] [INFO]: Syncing file "functions\fn_updatePlayerDataPartial.sqf"
[2016-11-30 22:37:54,118] [INFO]: File sync done
[2016-11-30 22:37:54,118] [INFO]: Done.
[2016-11-30 22:37:54,118] [INFO]: Converting configs ...
[2016-11-30 22:37:54,121] [INFO]: Converting cfg "D:\Windows 10 Benutzer\agphe\Documents\GitHub\LiveInLife\LiveInLifeServer\lils_login\config.cpp"
2016-11-30 22:37:54,142 [INFO] 6: AddonBuilder.Tasks.ProcessBuildTask.ProcessOnOutputDataReceived - 
2016-11-30 22:37:54,142 [WARN] 5: AddonBuilder.Tasks.ProcessBuildTask.process_ErrorDataReceived - 
[2016-11-30 22:37:54,173] [INFO]: Converting cfg "C:\Users\agphe\AppData\Local\Temp\lils_login\config.txt"
2016-11-30 22:37:54,194 [INFO] 6: AddonBuilder.Tasks.ProcessBuildTask.ProcessOnOutputDataReceived - 
2016-11-30 22:37:54,194 [WARN] 7: AddonBuilder.Tasks.ProcessBuildTask.process_ErrorDataReceived - 
[2016-11-30 22:37:54,195] [INFO]: Converting done.
[2016-11-30 22:37:54,195] [INFO]: Done.
[2016-11-30 22:37:54,196] [INFO]: Binarizing ...
2016-11-30 22:37:55,416 [INFO] 5: AddonBuilder.Tasks.ProcessBuildTask.ProcessOnOutputDataReceived - This build is licensed to 'Bohemia Interactive a.s.' for use within the scope of the following projects/products: 'All'.
2016-11-30 22:37:55,420 [INFO] 5: AddonBuilder.Tasks.ProcessBuildTask.ProcessOnOutputDataReceived - 
2016-11-30 22:37:55,420 [WARN] 8: AddonBuilder.Tasks.ProcessBuildTask.process_ErrorDataReceived - 
[2016-11-30 22:37:55,423] [INFO]: Done.
[2016-11-30 22:37:55,423] [INFO]: Deleting empty folders in "C:\Users\agphe\AppData\Local\Temp\lils_login"
[2016-11-30 22:37:55,424] [INFO]: Done.
[2016-11-30 22:37:55,425] [INFO]: Binarizing texture headers
2016-11-30 22:37:55,501 [INFO] 10: AddonBuilder.Tasks.ProcessBuildTask.ProcessOnOutputDataReceived - Creating texture headers file...
2016-11-30 22:37:55,502 [INFO] 10: AddonBuilder.Tasks.ProcessBuildTask.ProcessOnOutputDataReceived - Texture headers file was not created - no textures found.
2016-11-30 22:37:55,507 [INFO] 10: AddonBuilder.Tasks.ProcessBuildTask.ProcessOnOutputDataReceived - 
2016-11-30 22:37:55,507 [WARN] 6: AddonBuilder.Tasks.ProcessBuildTask.process_ErrorDataReceived - 
[2016-11-30 22:37:55,509] [INFO]: Done.
[2016-11-30 22:37:55,510] [INFO]: Packing "C:\Users\agphe\AppData\Local\Temp\lils_login"...
2016-11-30 22:37:55,598 [WARN] 7: AddonBuilder.Tasks.ProcessBuildTask.process_ErrorDataReceived - 
2016-11-30 22:37:55,598 [INFO] 10: AddonBuilder.Tasks.ProcessBuildTask.ProcessOnOutputDataReceived - 
[2016-11-30 22:37:55,601] [INFO]: Done.
[2016-11-30 22:37:55,602] [INFO]: Singning PBO using "C:\Users\agphe\AppData\Local\Temp\lils_login.pbo"
2016-11-30 22:37:55,688 [WARN] 7: AddonBuilder.Tasks.ProcessBuildTask.process_ErrorDataReceived - 
2016-11-30 22:37:55,688 [INFO] 6: AddonBuilder.Tasks.ProcessBuildTask.ProcessOnOutputDataReceived - 
[2016-11-30 22:37:55,689] [INFO]: Done.
[2016-11-30 22:37:55,690] [INFO]: Copying PBO. [source]=C:\Users\agphe\AppData\Local\Temp\lils_login.pbo, [dest]=D:\Windows 10 Benutzer\agphe\Documents\GitHub\LiveInLife\@LiveInLifeServer\addons\lils_login.pbo
[2016-11-30 22:37:55,691] [INFO]: Done.
[2016-11-30 22:37:55,692] [INFO]: Copying addon public key. [source]=C:\Users\agphe\AppData\Local\Temp\lils_login.pbo.lilc0.6.5.bisign, [dest]=D:\Windows 10 Benutzer\agphe\Documents\GitHub\LiveInLife\@LiveInLifeServer\addons\lils_login.pbo.lilc0.6.5.bisign
[2016-11-30 22:37:55,693] [INFO]: Done.
[2016-11-30 22:37:55,693] [INFO]: Build Successful
Setting breakpad minidump AppID = 233800
Steam_SetMinidumpSteamID:  Caching Steam ID:  76561198040411592 [API loaded no]
[2016-11-30 22:37:55,826] [INFO]: ==========================================================================
[2016-11-30 22:37:55,837] [INFO]: WELCOME TO ADDON BUILDER
[2016-11-30 22:37:55,838] [INFO]: Version: 1.5.13825
[2016-11-30 22:37:55,839] [INFO]: ==========================================================================
[2016-11-30 22:37:55,991] [INFO]: Builder starting...
[2016-11-30 22:37:55,992] [INFO]: Syncing folders... [source]=D:\Windows 10 Benutzer\agphe\Documents\GitHub\LiveInLife\LiveInLifeServer\lils_meteorology, [sync]=C:\Users\agphe\AppData\Local\Temp\lils_meteorology
[2016-11-30 22:37:55,993] [INFO]: Syncing file "functions\fn_get.sqf"
[2016-11-30 22:37:55,994] [INFO]: File sync done
[2016-11-30 22:37:55,994] [INFO]: Syncing file "functions\fn_init.sqf"
[2016-11-30 22:37:55,994] [INFO]: File sync done
[2016-11-30 22:37:55,994] [INFO]: Syncing file "functions\fn_save.sqf"
[2016-11-30 22:37:55,995] [INFO]: File sync done
[2016-11-30 22:37:55,995] [INFO]: Syncing file "functions\fn_set.sqf"
[2016-11-30 22:37:55,995] [INFO]: File sync done
[2016-11-30 22:37:55,996] [INFO]: Done.
[2016-11-30 22:37:55,996] [INFO]: Converting configs ...
[2016-11-30 22:37:55,998] [INFO]: Converting cfg "D:\Windows 10 Benutzer\agphe\Documents\GitHub\LiveInLife\LiveInLifeServer\lils_meteorology\config.cpp"
2016-11-30 22:37:56,019 [INFO] 6: AddonBuilder.Tasks.ProcessBuildTask.ProcessOnOutputDataReceived - 
2016-11-30 22:37:56,019 [WARN] 5: AddonBuilder.Tasks.ProcessBuildTask.process_ErrorDataReceived - 
[2016-11-30 22:37:56,052] [INFO]: Converting cfg "C:\Users\agphe\AppData\Local\Temp\lils_meteorology\config.txt"
2016-11-30 22:37:56,072 [INFO] 8: AddonBuilder.Tasks.ProcessBuildTask.ProcessOnOutputDataReceived - 
2016-11-30 22:37:56,072 [WARN] 7: AddonBuilder.Tasks.ProcessBuildTask.process_ErrorDataReceived - 
[2016-11-30 22:37:56,073] [INFO]: Converting done.
[2016-11-30 22:37:56,073] [INFO]: Done.
[2016-11-30 22:37:56,074] [INFO]: Binarizing ...
2016-11-30 22:37:57,358 [INFO] 8: AddonBuilder.Tasks.ProcessBuildTask.ProcessOnOutputDataReceived - This build is licensed to 'Bohemia Interactive a.s.' for use within the scope of the following projects/products: 'All'.
2016-11-30 22:37:57,362 [WARN] 6: AddonBuilder.Tasks.ProcessBuildTask.process_ErrorDataReceived - 
2016-11-30 22:37:57,362 [INFO] 8: AddonBuilder.Tasks.ProcessBuildTask.ProcessOnOutputDataReceived - 
[2016-11-30 22:37:57,365] [INFO]: Done.
[2016-11-30 22:37:57,365] [INFO]: Deleting empty folders in "C:\Users\agphe\AppData\Local\Temp\lils_meteorology"
[2016-11-30 22:37:57,366] [INFO]: Done.
[2016-11-30 22:37:57,367] [INFO]: Binarizing texture headers
2016-11-30 22:37:57,463 [INFO] 11: AddonBuilder.Tasks.ProcessBuildTask.ProcessOnOutputDataReceived - Creating texture headers file...
2016-11-30 22:37:57,464 [INFO] 11: AddonBuilder.Tasks.ProcessBuildTask.ProcessOnOutputDataReceived - Texture headers file was not created - no textures found.
2016-11-30 22:37:57,468 [INFO] 11: AddonBuilder.Tasks.ProcessBuildTask.ProcessOnOutputDataReceived - 
2016-11-30 22:37:57,468 [WARN] 7: AddonBuilder.Tasks.ProcessBuildTask.process_ErrorDataReceived - 
[2016-11-30 22:37:57,469] [INFO]: Done.
[2016-11-30 22:37:57,470] [INFO]: Packing "C:\Users\agphe\AppData\Local\Temp\lils_meteorology"...
2016-11-30 22:37:57,554 [WARN] 5: AddonBuilder.Tasks.ProcessBuildTask.process_ErrorDataReceived - 
2016-11-30 22:37:57,554 [INFO] 8: AddonBuilder.Tasks.ProcessBuildTask.ProcessOnOutputDataReceived - 
[2016-11-30 22:37:57,556] [INFO]: Done.
[2016-11-30 22:37:57,556] [INFO]: Singning PBO using "C:\Users\agphe\AppData\Local\Temp\lils_meteorology.pbo"
2016-11-30 22:37:57,642 [INFO] 5: AddonBuilder.Tasks.ProcessBuildTask.ProcessOnOutputDataReceived - 
2016-11-30 22:37:57,642 [WARN] 11: AddonBuilder.Tasks.ProcessBuildTask.process_ErrorDataReceived - 
[2016-11-30 22:37:57,643] [INFO]: Done.
[2016-11-30 22:37:57,644] [INFO]: Copying PBO. [source]=C:\Users\agphe\AppData\Local\Temp\lils_meteorology.pbo, [dest]=D:\Windows 10 Benutzer\agphe\Documents\GitHub\LiveInLife\@LiveInLifeServer\addons\lils_meteorology.pbo
[2016-11-30 22:37:57,645] [INFO]: Done.
[2016-11-30 22:37:57,646] [INFO]: Copying addon public key. [source]=C:\Users\agphe\AppData\Local\Temp\lils_meteorology.pbo.lilc0.6.5.bisign, [dest]=D:\Windows 10 Benutzer\agphe\Documents\GitHub\LiveInLife\@LiveInLifeServer\addons\lils_meteorology.pbo.lilc0.6.5.bisign
[2016-11-30 22:37:57,647] [INFO]: Done.
[2016-11-30 22:37:57,648] [INFO]: Build Successful
Setting breakpad minidump AppID = 233800
Steam_SetMinidumpSteamID:  Caching Steam ID:  76561198040411592 [API loaded no]
[2016-11-30 22:37:57,786] [INFO]: ==========================================================================
[2016-11-30 22:37:57,797] [INFO]: WELCOME TO ADDON BUILDER
[2016-11-30 22:37:57,798] [INFO]: Version: 1.5.13825
[2016-11-30 22:37:57,799] [INFO]: ==========================================================================
[2016-11-30 22:37:57,952] [INFO]: Builder starting...
[2016-11-30 22:37:57,953] [INFO]: Syncing folders... [source]=D:\Windows 10 Benutzer\agphe\Documents\GitHub\LiveInLife\LiveInLifeServer\lils_pcard, [sync]=C:\Users\agphe\AppData\Local\Temp\lils_pcard
[2016-11-30 22:37:57,954] [INFO]: Syncing file "functions\fn_create.sqf"
[2016-11-30 22:37:57,955] [INFO]: File sync done
[2016-11-30 22:37:57,955] [INFO]: Syncing file "functions\fn_return.sqf"
[2016-11-30 22:37:57,955] [INFO]: File sync done
[2016-11-30 22:37:57,955] [INFO]: Done.
[2016-11-30 22:37:57,956] [INFO]: Converting configs ...
[2016-11-30 22:37:57,958] [INFO]: Converting cfg "D:\Windows 10 Benutzer\agphe\Documents\GitHub\LiveInLife\LiveInLifeServer\lils_pcard\config.cpp"
2016-11-30 22:37:57,982 [INFO] 6: AddonBuilder.Tasks.ProcessBuildTask.ProcessOnOutputDataReceived - 
2016-11-30 22:37:57,982 [WARN] 5: AddonBuilder.Tasks.ProcessBuildTask.process_ErrorDataReceived - 
[2016-11-30 22:37:58,013] [INFO]: Converting cfg "C:\Users\agphe\AppData\Local\Temp\lils_pcard\config.txt"
2016-11-30 22:37:58,056 [INFO] 6: AddonBuilder.Tasks.ProcessBuildTask.ProcessOnOutputDataReceived - 
2016-11-30 22:37:58,056 [WARN] 7: AddonBuilder.Tasks.ProcessBuildTask.process_ErrorDataReceived - 
[2016-11-30 22:37:58,058] [INFO]: Converting done.
[2016-11-30 22:37:58,058] [INFO]: Done.
[2016-11-30 22:37:58,061] [INFO]: Binarizing ...
2016-11-30 22:37:59,242 [INFO] 5: AddonBuilder.Tasks.ProcessBuildTask.ProcessOnOutputDataReceived - This build is licensed to 'Bohemia Interactive a.s.' for use within the scope of the following projects/products: 'All'.
2016-11-30 22:37:59,247 [WARN] 6: AddonBuilder.Tasks.ProcessBuildTask.process_ErrorDataReceived - 
2016-11-30 22:37:59,247 [INFO] 5: AddonBuilder.Tasks.ProcessBuildTask.ProcessOnOutputDataReceived - 
[2016-11-30 22:37:59,250] [INFO]: Done.
[2016-11-30 22:37:59,250] [INFO]: Deleting empty folders in "C:\Users\agphe\AppData\Local\Temp\lils_pcard"
[2016-11-30 22:37:59,251] [INFO]: Done.
[2016-11-30 22:37:59,252] [INFO]: Binarizing texture headers
2016-11-30 22:37:59,330 [INFO] 11: AddonBuilder.Tasks.ProcessBuildTask.ProcessOnOutputDataReceived - Creating texture headers file...
2016-11-30 22:37:59,330 [INFO] 11: AddonBuilder.Tasks.ProcessBuildTask.ProcessOnOutputDataReceived - Texture headers file was not created - no textures found.
2016-11-30 22:37:59,334 [INFO] 11: AddonBuilder.Tasks.ProcessBuildTask.ProcessOnOutputDataReceived - 
2016-11-30 22:37:59,334 [WARN] 8: AddonBuilder.Tasks.ProcessBuildTask.process_ErrorDataReceived - 
[2016-11-30 22:37:59,336] [INFO]: Done.
[2016-11-30 22:37:59,337] [INFO]: Packing "C:\Users\agphe\AppData\Local\Temp\lils_pcard"...
2016-11-30 22:37:59,398 [INFO] 7: AddonBuilder.Tasks.ProcessBuildTask.ProcessOnOutputDataReceived - 
2016-11-30 22:37:59,398 [WARN] 5: AddonBuilder.Tasks.ProcessBuildTask.process_ErrorDataReceived - 
[2016-11-30 22:37:59,399] [INFO]: Done.
[2016-11-30 22:37:59,400] [INFO]: Singning PBO using "C:\Users\agphe\AppData\Local\Temp\lils_pcard.pbo"
2016-11-30 22:37:59,491 [WARN] 6: AddonBuilder.Tasks.ProcessBuildTask.process_ErrorDataReceived - 
2016-11-30 22:37:59,491 [INFO] 11: AddonBuilder.Tasks.ProcessBuildTask.ProcessOnOutputDataReceived - 
[2016-11-30 22:37:59,492] [INFO]: Done.
[2016-11-30 22:37:59,493] [INFO]: Copying PBO. [source]=C:\Users\agphe\AppData\Local\Temp\lils_pcard.pbo, [dest]=D:\Windows 10 Benutzer\agphe\Documents\GitHub\LiveInLife\@LiveInLifeServer\addons\lils_pcard.pbo
[2016-11-30 22:37:59,494] [INFO]: Done.
[2016-11-30 22:37:59,495] [INFO]: Copying addon public key. [source]=C:\Users\agphe\AppData\Local\Temp\lils_pcard.pbo.lilc0.6.5.bisign, [dest]=D:\Windows 10 Benutzer\agphe\Documents\GitHub\LiveInLife\@LiveInLifeServer\addons\lils_pcard.pbo.lilc0.6.5.bisign
[2016-11-30 22:37:59,495] [INFO]: Done.
[2016-11-30 22:37:59,495] [INFO]: Build Successful
Setting breakpad minidump AppID = 233800
Steam_SetMinidumpSteamID:  Caching Steam ID:  76561198040411592 [API loaded no]
[2016-11-30 22:37:59,614] [INFO]: ==========================================================================
[2016-11-30 22:37:59,624] [INFO]: WELCOME TO ADDON BUILDER
[2016-11-30 22:37:59,625] [INFO]: Version: 1.5.13825
[2016-11-30 22:37:59,626] [INFO]: ==========================================================================
[2016-11-30 22:37:59,779] [INFO]: Builder starting...
[2016-11-30 22:37:59,781] [INFO]: Syncing folders... [source]=D:\Windows 10 Benutzer\agphe\Documents\GitHub\LiveInLife\LiveInLifeServer\lils_placement, [sync]=C:\Users\agphe\AppData\Local\Temp\lils_placement
[2016-11-30 22:37:59,782] [INFO]: Done.
[2016-11-30 22:37:59,782] [INFO]: Converting configs ...
[2016-11-30 22:37:59,814] [INFO]: Converting cfg "C:\Users\agphe\AppData\Local\Temp\lils_placement\config.txt"
2016-11-30 22:37:59,835 [INFO] 6: AddonBuilder.Tasks.ProcessBuildTask.ProcessOnOutputDataReceived - 
2016-11-30 22:37:59,835 [WARN] 5: AddonBuilder.Tasks.ProcessBuildTask.process_ErrorDataReceived - 
[2016-11-30 22:37:59,837] [INFO]: Converting done.
[2016-11-30 22:37:59,838] [INFO]: Done.
[2016-11-30 22:37:59,839] [INFO]: Binarizing ...
2016-11-30 22:38:01,020 [INFO] 8: AddonBuilder.Tasks.ProcessBuildTask.ProcessOnOutputDataReceived - This build is licensed to 'Bohemia Interactive a.s.' for use within the scope of the following projects/products: 'All'.
2016-11-30 22:38:01,025 [INFO] 8: AddonBuilder.Tasks.ProcessBuildTask.ProcessOnOutputDataReceived - 
2016-11-30 22:38:01,025 [WARN] 7: AddonBuilder.Tasks.ProcessBuildTask.process_ErrorDataReceived - 
[2016-11-30 22:38:01,027] [INFO]: Done.
[2016-11-30 22:38:01,027] [INFO]: Deleting empty folders in "C:\Users\agphe\AppData\Local\Temp\lils_placement"
[2016-11-30 22:38:01,028] [INFO]: Done.
[2016-11-30 22:38:01,029] [INFO]: Binarizing texture headers
2016-11-30 22:38:01,107 [INFO] 8: AddonBuilder.Tasks.ProcessBuildTask.ProcessOnOutputDataReceived - Creating texture headers file...
2016-11-30 22:38:01,107 [INFO] 8: AddonBuilder.Tasks.ProcessBuildTask.ProcessOnOutputDataReceived - Texture headers file was not created - no textures found.
2016-11-30 22:38:01,112 [WARN] 5: AddonBuilder.Tasks.ProcessBuildTask.process_ErrorDataReceived - 
2016-11-30 22:38:01,112 [INFO] 8: AddonBuilder.Tasks.ProcessBuildTask.ProcessOnOutputDataReceived - 
[2016-11-30 22:38:01,114] [INFO]: Done.
[2016-11-30 22:38:01,115] [INFO]: Packing "C:\Users\agphe\AppData\Local\Temp\lils_placement"...
2016-11-30 22:38:01,187 [WARN] 6: AddonBuilder.Tasks.ProcessBuildTask.process_ErrorDataReceived - 
2016-11-30 22:38:01,187 [INFO] 7: AddonBuilder.Tasks.ProcessBuildTask.ProcessOnOutputDataReceived - 
[2016-11-30 22:38:01,188] [INFO]: Done.
[2016-11-30 22:38:01,188] [INFO]: Singning PBO using "C:\Users\agphe\AppData\Local\Temp\lils_placement.pbo"
2016-11-30 22:38:01,247 [INFO] 8: AddonBuilder.Tasks.ProcessBuildTask.ProcessOnOutputDataReceived - 
2016-11-30 22:38:01,247 [WARN] 10: AddonBuilder.Tasks.ProcessBuildTask.process_ErrorDataReceived - 
[2016-11-30 22:38:01,249] [INFO]: Done.
[2016-11-30 22:38:01,249] [INFO]: Copying PBO. [source]=C:\Users\agphe\AppData\Local\Temp\lils_placement.pbo, [dest]=D:\Windows 10 Benutzer\agphe\Documents\GitHub\LiveInLife\@LiveInLifeServer\addons\lils_placement.pbo
[2016-11-30 22:38:01,251] [INFO]: Done.
[2016-11-30 22:38:01,251] [INFO]: Copying addon public key. [source]=C:\Users\agphe\AppData\Local\Temp\lils_placement.pbo.lilc0.6.5.bisign, [dest]=D:\Windows 10 Benutzer\agphe\Documents\GitHub\LiveInLife\@LiveInLifeServer\addons\lils_placement.pbo.lilc0.6.5.bisign
[2016-11-30 22:38:01,252] [INFO]: Done.
[2016-11-30 22:38:01,252] [INFO]: Build Successful
Setting breakpad minidump AppID = 233800
Steam_SetMinidumpSteamID:  Caching Steam ID:  76561198040411592 [API loaded no]
[2016-11-30 22:38:01,391] [INFO]: ==========================================================================
[2016-11-30 22:38:01,402] [INFO]: WELCOME TO ADDON BUILDER
[2016-11-30 22:38:01,403] [INFO]: Version: 1.5.13825
[2016-11-30 22:38:01,404] [INFO]: ==========================================================================
[2016-11-30 22:38:01,581] [INFO]: Builder starting...
[2016-11-30 22:38:01,582] [INFO]: Syncing folders... [source]=D:\Windows 10 Benutzer\agphe\Documents\GitHub\LiveInLife\LiveInLifeServer\lils_shops, [sync]=C:\Users\agphe\AppData\Local\Temp\lils_shops
[2016-11-30 22:38:01,583] [INFO]: Syncing file "functions\fn_buyItem.sqf"
[2016-11-30 22:38:01,584] [INFO]: File sync done
[2016-11-30 22:38:01,584] [INFO]: Syncing file "functions\fn_buyUniform.sqf"
[2016-11-30 22:38:01,585] [INFO]: File sync done
[2016-11-30 22:38:01,585] [INFO]: Syncing file "functions\fn_getBuyItems.sqf"
[2016-11-30 22:38:01,585] [INFO]: File sync done
[2016-11-30 22:38:01,585] [INFO]: Syncing file "functions\fn_getBuyUniforms.sqf"
[2016-11-30 22:38:01,585] [INFO]: File sync done
[2016-11-30 22:38:01,586] [INFO]: Done.
[2016-11-30 22:38:01,586] [INFO]: Converting configs ...
[2016-11-30 22:38:01,588] [INFO]: Converting cfg "D:\Windows 10 Benutzer\agphe\Documents\GitHub\LiveInLife\LiveInLifeServer\lils_shops\config.cpp"
2016-11-30 22:38:01,610 [INFO] 6: AddonBuilder.Tasks.ProcessBuildTask.ProcessOnOutputDataReceived - 
2016-11-30 22:38:01,610 [WARN] 5: AddonBuilder.Tasks.ProcessBuildTask.process_ErrorDataReceived - 
[2016-11-30 22:38:01,642] [INFO]: Converting cfg "C:\Users\agphe\AppData\Local\Temp\lils_shops\config.txt"
2016-11-30 22:38:01,680 [INFO] 6: AddonBuilder.Tasks.ProcessBuildTask.ProcessOnOutputDataReceived - 
2016-11-30 22:38:01,680 [WARN] 7: AddonBuilder.Tasks.ProcessBuildTask.process_ErrorDataReceived - 
[2016-11-30 22:38:01,681] [INFO]: Converting done.
[2016-11-30 22:38:01,681] [INFO]: Done.
[2016-11-30 22:38:01,682] [INFO]: Binarizing ...
2016-11-30 22:38:02,869 [INFO] 8: AddonBuilder.Tasks.ProcessBuildTask.ProcessOnOutputDataReceived - This build is licensed to 'Bohemia Interactive a.s.' for use within the scope of the following projects/products: 'All'.
2016-11-30 22:38:02,873 [INFO] 8: AddonBuilder.Tasks.ProcessBuildTask.ProcessOnOutputDataReceived - 
2016-11-30 22:38:02,873 [WARN] 5: AddonBuilder.Tasks.ProcessBuildTask.process_ErrorDataReceived - 
[2016-11-30 22:38:02,875] [INFO]: Done.
[2016-11-30 22:38:02,876] [INFO]: Deleting empty folders in "C:\Users\agphe\AppData\Local\Temp\lils_shops"
[2016-11-30 22:38:02,877] [INFO]: Done.
[2016-11-30 22:38:02,877] [INFO]: Binarizing texture headers
2016-11-30 22:38:02,967 [INFO] 10: AddonBuilder.Tasks.ProcessBuildTask.ProcessOnOutputDataReceived - Creating texture headers file...
2016-11-30 22:38:02,967 [INFO] 10: AddonBuilder.Tasks.ProcessBuildTask.ProcessOnOutputDataReceived - Texture headers file was not created - no textures found.
2016-11-30 22:38:02,971 [INFO] 10: AddonBuilder.Tasks.ProcessBuildTask.ProcessOnOutputDataReceived - 
2016-11-30 22:38:02,971 [WARN] 6: AddonBuilder.Tasks.ProcessBuildTask.process_ErrorDataReceived - 
[2016-11-30 22:38:02,973] [INFO]: Done.
[2016-11-30 22:38:02,974] [INFO]: Packing "C:\Users\agphe\AppData\Local\Temp\lils_shops"...
2016-11-30 22:38:03,063 [INFO] 7: AddonBuilder.Tasks.ProcessBuildTask.ProcessOnOutputDataReceived - 
2016-11-30 22:38:03,063 [WARN] 11: AddonBuilder.Tasks.ProcessBuildTask.process_ErrorDataReceived - 
[2016-11-30 22:38:03,064] [INFO]: Done.
[2016-11-30 22:38:03,065] [INFO]: Singning PBO using "C:\Users\agphe\AppData\Local\Temp\lils_shops.pbo"
2016-11-30 22:38:03,114 [INFO] 5: AddonBuilder.Tasks.ProcessBuildTask.ProcessOnOutputDataReceived - 
2016-11-30 22:38:03,114 [WARN] 10: AddonBuilder.Tasks.ProcessBuildTask.process_ErrorDataReceived - 
[2016-11-30 22:38:03,115] [INFO]: Done.
[2016-11-30 22:38:03,116] [INFO]: Copying PBO. [source]=C:\Users\agphe\AppData\Local\Temp\lils_shops.pbo, [dest]=D:\Windows 10 Benutzer\agphe\Documents\GitHub\LiveInLife\@LiveInLifeServer\addons\lils_shops.pbo
[2016-11-30 22:38:03,117] [INFO]: Done.
[2016-11-30 22:38:03,117] [INFO]: Copying addon public key. [source]=C:\Users\agphe\AppData\Local\Temp\lils_shops.pbo.lilc0.6.5.bisign, [dest]=D:\Windows 10 Benutzer\agphe\Documents\GitHub\LiveInLife\@LiveInLifeServer\addons\lils_shops.pbo.lilc0.6.5.bisign
[2016-11-30 22:38:03,118] [INFO]: Done.
[2016-11-30 22:38:03,118] [INFO]: Build Successful
Setting breakpad minidump AppID = 233800
Steam_SetMinidumpSteamID:  Caching Steam ID:  76561198040411592 [API loaded no]
[2016-11-30 22:38:03,237] [INFO]: ==========================================================================
[2016-11-30 22:38:03,248] [INFO]: WELCOME TO ADDON BUILDER
[2016-11-30 22:38:03,249] [INFO]: Version: 1.5.13825
[2016-11-30 22:38:03,250] [INFO]: ==========================================================================
[2016-11-30 22:38:03,403] [INFO]: Builder starting...
[2016-11-30 22:38:03,404] [INFO]: Syncing folders... [source]=D:\Windows 10 Benutzer\agphe\Documents\GitHub\LiveInLife\LiveInLifeServer\lils_vehicles, [sync]=C:\Users\agphe\AppData\Local\Temp\lils_vehicles
[2016-11-30 22:38:03,404] [INFO]: Syncing file "functions\fn_create.sqf"
[2016-11-30 22:38:03,405] [INFO]: File sync done
[2016-11-30 22:38:03,405] [INFO]: Syncing file "functions\fn_initSaving.sqf"
[2016-11-30 22:38:03,406] [INFO]: File sync done
[2016-11-30 22:38:03,406] [INFO]: Syncing file "functions\fn_new.sqf"
[2016-11-30 22:38:03,406] [INFO]: File sync done
[2016-11-30 22:38:03,406] [INFO]: Syncing file "functions\fn_save.sqf"
[2016-11-30 22:38:03,407] [INFO]: File sync done
[2016-11-30 22:38:03,407] [INFO]: Syncing file "functions\fn_saveAll.sqf"
[2016-11-30 22:38:03,407] [INFO]: File sync done
[2016-11-30 22:38:03,407] [INFO]: Done.
[2016-11-30 22:38:03,408] [INFO]: Converting configs ...
[2016-11-30 22:38:03,410] [INFO]: Converting cfg "D:\Windows 10 Benutzer\agphe\Documents\GitHub\LiveInLife\LiveInLifeServer\lils_vehicles\config.cpp"
2016-11-30 22:38:03,432 [INFO] 6: AddonBuilder.Tasks.ProcessBuildTask.ProcessOnOutputDataReceived - 
2016-11-30 22:38:03,432 [WARN] 5: AddonBuilder.Tasks.ProcessBuildTask.process_ErrorDataReceived - 
[2016-11-30 22:38:03,467] [INFO]: Converting cfg "C:\Users\agphe\AppData\Local\Temp\lils_vehicles\config.txt"
2016-11-30 22:38:03,518 [INFO] 6: AddonBuilder.Tasks.ProcessBuildTask.ProcessOnOutputDataReceived - 
2016-11-30 22:38:03,518 [WARN] 7: AddonBuilder.Tasks.ProcessBuildTask.process_ErrorDataReceived - 
[2016-11-30 22:38:03,519] [INFO]: Converting done.
[2016-11-30 22:38:03,519] [INFO]: Done.
[2016-11-30 22:38:03,520] [INFO]: Binarizing ...
2016-11-30 22:38:04,738 [INFO] 5: AddonBuilder.Tasks.ProcessBuildTask.ProcessOnOutputDataReceived - This build is licensed to 'Bohemia Interactive a.s.' for use within the scope of the following projects/products: 'All'.
2016-11-30 22:38:04,743 [WARN] 6: AddonBuilder.Tasks.ProcessBuildTask.process_ErrorDataReceived - 
2016-11-30 22:38:04,743 [INFO] 5: AddonBuilder.Tasks.ProcessBuildTask.ProcessOnOutputDataReceived - 
[2016-11-30 22:38:04,745] [INFO]: Done.
[2016-11-30 22:38:04,746] [INFO]: Deleting empty folders in "C:\Users\agphe\AppData\Local\Temp\lils_vehicles"
[2016-11-30 22:38:04,747] [INFO]: Done.
[2016-11-30 22:38:04,748] [INFO]: Binarizing texture headers
2016-11-30 22:38:04,824 [INFO] 11: AddonBuilder.Tasks.ProcessBuildTask.ProcessOnOutputDataReceived - Creating texture headers file...
2016-11-30 22:38:04,824 [INFO] 11: AddonBuilder.Tasks.ProcessBuildTask.ProcessOnOutputDataReceived - Texture headers file was not created - no textures found.
2016-11-30 22:38:04,828 [WARN] 8: AddonBuilder.Tasks.ProcessBuildTask.process_ErrorDataReceived - 
2016-11-30 22:38:04,828 [INFO] 11: AddonBuilder.Tasks.ProcessBuildTask.ProcessOnOutputDataReceived - 
[2016-11-30 22:38:04,830] [INFO]: Done.
[2016-11-30 22:38:04,831] [INFO]: Packing "C:\Users\agphe\AppData\Local\Temp\lils_vehicles"...
2016-11-30 22:38:04,895 [INFO] 5: AddonBuilder.Tasks.ProcessBuildTask.ProcessOnOutputDataReceived - 
2016-11-30 22:38:04,895 [WARN] 6: AddonBuilder.Tasks.ProcessBuildTask.process_ErrorDataReceived - 
[2016-11-30 22:38:04,898] [INFO]: Done.
[2016-11-30 22:38:04,899] [INFO]: Singning PBO using "C:\Users\agphe\AppData\Local\Temp\lils_vehicles.pbo"
2016-11-30 22:38:04,964 [INFO] 8: AddonBuilder.Tasks.ProcessBuildTask.ProcessOnOutputDataReceived - 
2016-11-30 22:38:04,964 [WARN] 7: AddonBuilder.Tasks.ProcessBuildTask.process_ErrorDataReceived - 
[2016-11-30 22:38:04,965] [INFO]: Done.
[2016-11-30 22:38:04,966] [INFO]: Copying PBO. [source]=C:\Users\agphe\AppData\Local\Temp\lils_vehicles.pbo, [dest]=D:\Windows 10 Benutzer\agphe\Documents\GitHub\LiveInLife\@LiveInLifeServer\addons\lils_vehicles.pbo
[2016-11-30 22:38:04,967] [INFO]: Done.
[2016-11-30 22:38:04,968] [INFO]: Copying addon public key. [source]=C:\Users\agphe\AppData\Local\Temp\lils_vehicles.pbo.lilc0.6.5.bisign, [dest]=D:\Windows 10 Benutzer\agphe\Documents\GitHub\LiveInLife\@LiveInLifeServer\addons\lils_vehicles.pbo.lilc0.6.5.bisign
[2016-11-30 22:38:04,969] [INFO]: Done.
[2016-11-30 22:38:04,969] [INFO]: Build Successful
Setting breakpad minidump AppID = 233800
Steam_SetMinidumpSteamID:  Caching Steam ID:  76561198040411592 [API loaded no]
